Using pre-set license
Built from '2020.3/staging' branch; Version is '2020.3.25f1 (9b9180224418) revision 10195328'; Using compiler version '192528614'; Build Type 'Release'
OS: 'Windows 11  (10.0.22000) 64bit Core' Language: 'en' Physical Memory: 15724 MB
BatchMode: 1, IsHumanControllingUs: 0, StartBugReporterOnCrash: 0, Is64bit: 1, IsPro: 0

COMMAND LINE ARGUMENTS:
C:\AllFiles\UnityInstallationFolder\Unity\2020.3.25f1\Editor\Unity.exe
-adb2
-batchMode
-noUpm
-name
AssetImportWorker0
-projectPath
D:/College Sem2/GameProgramming/GroupProject/Taberu/Taberu
-logFile
Logs/AssetImportWorker0.log
-srvPort
2531
Successfully changed project path to: D:/College Sem2/GameProgramming/GroupProject/Taberu/Taberu
D:/College Sem2/GameProgramming/GroupProject/Taberu/Taberu
Using Asset Import Pipeline V2.
Refreshing native plugins compatible for Editor in 33.65 ms, found 3 plugins.
Preloading 0 native plugins for Editor in 0.00 ms.
Initialize engine version: 2020.3.25f1 (9b9180224418)
[Subsystems] Discovering subsystems at path C:/AllFiles/UnityInstallationFolder/Unity/2020.3.25f1/Editor/Data/Resources/UnitySubsystems
[Subsystems] Discovering subsystems at path D:/College Sem2/GameProgramming/GroupProject/Taberu/Taberu/Assets
GfxDevice: creating device client; threaded=0
Direct3D:
    Version:  Direct3D 11.0 [level 11.1]
    Renderer: NVIDIA GeForce RTX 3060 Laptop GPU (ID=0x2520)
    Vendor:   
    VRAM:     6023 MB
    Driver:   30.0.15.1123
Initialize mono
Mono path[0] = 'C:/AllFiles/UnityInstallationFolder/Unity/2020.3.25f1/Editor/Data/Managed'
Mono path[1] = 'C:/AllFiles/UnityInstallationFolder/Unity/2020.3.25f1/Editor/Data/MonoBleedingEdge/lib/mono/unityjit'
Mono config path = 'C:/AllFiles/UnityInstallationFolder/Unity/2020.3.25f1/Editor/Data/MonoBleedingEdge/etc'
Using monoOptions --debugger-agent=transport=dt_socket,embedding=1,server=y,suspend=n,address=127.0.0.1:56072
Begin MonoManager ReloadAssembly
Registering precompiled unity dll's ...
Register platform support module: C:/AllFiles/UnityInstallationFolder/Unity/2020.3.25f1/Editor/Data/PlaybackEngines/WebGLSupport/UnityEditor.WebGL.Extensions.dll
Register platform support module: C:/AllFiles/UnityInstallationFolder/Unity/2020.3.25f1/Editor/Data/PlaybackEngines/WindowsStandaloneSupport/UnityEditor.WindowsStandalone.Extensions.dll
Registered in 0.001461 seconds.
Native extension for WindowsStandalone target not found
Native extension for WebGL target not found
Refreshing native plugins compatible for Editor in 35.25 ms, found 3 plugins.
Preloading 0 native plugins for Editor in 0.00 ms.
Mono: successfully reloaded assembly
- Completed reload, in  0.426 seconds
Domain Reload Profiling:
	ReloadAssembly (427ms)
		BeginReloadAssembly (38ms)
			ExecutionOrderSort (0ms)
			DisableScriptedObjects (0ms)
			BackupInstance (0ms)
			ReleaseScriptingObjects (0ms)
			CreateAndSetChildDomain (1ms)
		EndReloadAssembly (335ms)
			LoadAssemblies (37ms)
			RebuildTransferFunctionScriptingTraits (0ms)
			SetupTypeCache (103ms)
			ReleaseScriptCaches (0ms)
			RebuildScriptCaches (20ms)
			SetupLoadedEditorAssemblies (135ms)
				LogAssemblyErrors (0ms)
				InitializePlatformSupportModulesInManaged (5ms)
				SetLoadedEditorAssemblies (0ms)
				RefreshPlugins (35ms)
				BeforeProcessingInitializeOnLoad (10ms)
				ProcessInitializeOnLoadAttributes (65ms)
				ProcessInitializeOnLoadMethodAttributes (20ms)
				AfterProcessingInitializeOnLoad (0ms)
				EditorAssembliesLoaded (0ms)
			ExecutionOrderSort2 (0ms)
			AwakeInstancesAfterBackupRestoration (0ms)
Platform modules already initialized, skipping
Registering precompiled user dll's ...
Registered in 0.002083 seconds.
Begin MonoManager ReloadAssembly
Native extension for WindowsStandalone target not found
Native extension for WebGL target not found
Refreshing native plugins compatible for Editor in 33.11 ms, found 3 plugins.
Preloading 0 native plugins for Editor in 0.00 ms.
Mono: successfully reloaded assembly
- Completed reload, in  0.798 seconds
Domain Reload Profiling:
	ReloadAssembly (798ms)
		BeginReloadAssembly (100ms)
			ExecutionOrderSort (0ms)
			DisableScriptedObjects (4ms)
			BackupInstance (0ms)
			ReleaseScriptingObjects (0ms)
			CreateAndSetChildDomain (17ms)
		EndReloadAssembly (652ms)
			LoadAssemblies (63ms)
			RebuildTransferFunctionScriptingTraits (0ms)
			SetupTypeCache (206ms)
			ReleaseScriptCaches (0ms)
			RebuildScriptCaches (33ms)
			SetupLoadedEditorAssemblies (262ms)
				LogAssemblyErrors (0ms)
				InitializePlatformSupportModulesInManaged (4ms)
				SetLoadedEditorAssemblies (0ms)
				RefreshPlugins (33ms)
				BeforeProcessingInitializeOnLoad (60ms)
				ProcessInitializeOnLoadAttributes (149ms)
				ProcessInitializeOnLoadMethodAttributes (13ms)
				AfterProcessingInitializeOnLoad (4ms)
				EditorAssembliesLoaded (0ms)
			ExecutionOrderSort2 (0ms)
			AwakeInstancesAfterBackupRestoration (5ms)
Platform modules already initialized, skipping
========================================================================
Worker process is ready to serve import requests
Launched and connected shader compiler UnityShaderCompiler.exe after 0.04 seconds
Refreshing native plugins compatible for Editor in 0.51 ms, found 3 plugins.
Preloading 0 native plugins for Editor in 0.00 ms.
Unloading 2194 Unused Serialized files (Serialized files now loaded: 0)
System memory in use before: 95.8 MB.
System memory in use after: 95.9 MB.

Unloading 28 unused Assets to reduce memory usage. Loaded Objects now: 2627.
Total: 3.333000 ms (FindLiveObjects: 0.198700 ms CreateObjectMapping: 0.050200 ms MarkObjects: 3.017800 ms  DeleteObjects: 0.065300 ms)

AssetImportParameters requested are different than current active one (requested -> active):
  custom:framework-win-MediaFoundation: 216162199b28c13a410421893ffa2e32 -> 
  custom:video-decoder-ogg-theora: a1e56fd34408186e4bbccfd4996cb3dc -> 
  custom:container-muxer-webm: aa71ff27fc2769a1b78a27578f13a17b -> 
  custom:container-demuxer-webm: 4f35f7cbe854078d1ac9338744f61a02 -> 
  custom:container-demuxer-ogg: 62fdf1f143b41e24485cea50d1cbac27 -> 
  custom:video-encoder-webm-vp8: eb34c28f22e8b96e1ab97ce403110664 -> 
  custom:video-decoder-webm-vp8: 9c59270c3fd7afecdb556c50c9e8de78 -> 
  custom:audio-decoder-ogg-vorbis: bf7c407c2cedff20999df2af8eb42d56 -> 
  custom:audio-encoder-webm-vorbis: bf7c407c2cedff20999df2af8eb42d56 -> 
========================================================================
Received Import Request.
  path: Assets
  artifactKey: Guid(00000000000000001000000000000000) Importer(815301076,1909f56bfc062723c751e8b465ee728b)
Start importing Assets using Guid(00000000000000001000000000000000) Importer(815301076,1909f56bfc062723c751e8b465ee728b)  -> (artifact id: '42d402b061de3733987d63b9cc3b64de') in 0.011081 seconds 
  Import took 0.014025 seconds .

========================================================================
Received Import Request.
  Time since last request: 18.908456 seconds.
  path: Assets/Materials
  artifactKey: Guid(1f259c7c14dafb94aacad02c64672bcf) Importer(815301076,1909f56bfc062723c751e8b465ee728b)
Start importing Assets/Materials using Guid(1f259c7c14dafb94aacad02c64672bcf) Importer(815301076,1909f56bfc062723c751e8b465ee728b)  -> (artifact id: '8dc41bf387295064151a4e4746c295b0') in 0.007351 seconds 
  Import took 0.010485 seconds .

========================================================================
Received Import Request.
  Time since last request: 39.816754 seconds.
  path: Assets/Spirites
  artifactKey: Guid(88e30bf180823074fa5041d80b76f05a) Importer(815301076,1909f56bfc062723c751e8b465ee728b)
Start importing Assets/Spirites using Guid(88e30bf180823074fa5041d80b76f05a) Importer(815301076,1909f56bfc062723c751e8b465ee728b)  -> (artifact id: '716ea4089d52d7f24ca3f1a454a507e1') in 0.006904 seconds 
  Import took 0.009995 seconds .

========================================================================
Received Import Request.
  Time since last request: 48.000761 seconds.
  path: Assets/Scripts
  artifactKey: Guid(8e3e9cf89f7af6c418d706300db23bf1) Importer(815301076,1909f56bfc062723c751e8b465ee728b)
Start importing Assets/Scripts using Guid(8e3e9cf89f7af6c418d706300db23bf1) Importer(815301076,1909f56bfc062723c751e8b465ee728b)  -> (artifact id: 'a66b649efb305b470e51e8718945ce40') in 0.007157 seconds 
  Import took 0.010118 seconds .

========================================================================
Received Import Request.
  Time since last request: 6.411588 seconds.
  path: Assets/Animations
  artifactKey: Guid(dcd9a40d83f3413469f7af48719ead6d) Importer(815301076,1909f56bfc062723c751e8b465ee728b)
Start importing Assets/Animations using Guid(dcd9a40d83f3413469f7af48719ead6d) Importer(815301076,1909f56bfc062723c751e8b465ee728b)  -> (artifact id: '2ac8c8752c1db2add5a4e99cd28a22f1') in 0.008094 seconds 
  Import took 0.011128 seconds .

========================================================================
Received Import Request.
  Time since last request: 4.654579 seconds.
  path: Assets/Audios
  artifactKey: Guid(59cd31f132fbd284884ad306560dbb66) Importer(815301076,1909f56bfc062723c751e8b465ee728b)
Start importing Assets/Audios using Guid(59cd31f132fbd284884ad306560dbb66) Importer(815301076,1909f56bfc062723c751e8b465ee728b)  -> (artifact id: '626171af943966479a53bc25ee55bbe1') in 0.007265 seconds 
  Import took 0.010199 seconds .

========================================================================
Received Import Request.
  Time since last request: 5.452559 seconds.
  path: Assets/Audios/Enemies
  artifactKey: Guid(6b05c72c1e9e2524194fcabd50d6789b) Importer(815301076,1909f56bfc062723c751e8b465ee728b)
Start importing Assets/Audios/Enemies using Guid(6b05c72c1e9e2524194fcabd50d6789b) Importer(815301076,1909f56bfc062723c751e8b465ee728b)  -> (artifact id: 'a16b0325203e79595c92c0c9fed9eb80') in 0.007405 seconds 
  Import took 0.010604 seconds .

========================================================================
Received Import Request.
  Time since last request: 7.238507 seconds.
  path: Assets/Audios/Enviroments
  artifactKey: Guid(1a824e4c6f451364d8bd77c57d1267d5) Importer(815301076,1909f56bfc062723c751e8b465ee728b)
Start importing Assets/Audios/Enviroments using Guid(1a824e4c6f451364d8bd77c57d1267d5) Importer(815301076,1909f56bfc062723c751e8b465ee728b)  -> (artifact id: '677b89ebbf80ed93076101e912a1f674') in 0.007059 seconds 
  Import took 0.010120 seconds .

========================================================================
Received Import Request.
  Time since last request: 5.474801 seconds.
  path: Assets/Audios/Character
  artifactKey: Guid(153a4d4742c97fd4db9d18b1f7aac4e4) Importer(815301076,1909f56bfc062723c751e8b465ee728b)
Start importing Assets/Audios/Character using Guid(153a4d4742c97fd4db9d18b1f7aac4e4) Importer(815301076,1909f56bfc062723c751e8b465ee728b)  -> (artifact id: 'd74e875aa8868ec7f4856e80fb6e645e') in 0.007282 seconds 
  Import took 0.010469 seconds .

========================================================================
Received Import Request.
  Time since last request: 7.171164 seconds.
  path: Assets/Animations/Character
  artifactKey: Guid(51eee63ca2cc55c4aa80ffceb6f3e801) Importer(815301076,1909f56bfc062723c751e8b465ee728b)
Start importing Assets/Animations/Character using Guid(51eee63ca2cc55c4aa80ffceb6f3e801) Importer(815301076,1909f56bfc062723c751e8b465ee728b)  -> (artifact id: 'b604acd6e6ce6e770c09cdbfa20246a3') in 0.003316 seconds 
  Import took 0.006191 seconds .

========================================================================
Received Import Request.
  Time since last request: 5.598868 seconds.
  path: Assets/Animations/Enemy
  artifactKey: Guid(faf09749632675c43995e5b0c1045176) Importer(815301076,1909f56bfc062723c751e8b465ee728b)
Start importing Assets/Animations/Enemy using Guid(faf09749632675c43995e5b0c1045176) Importer(815301076,1909f56bfc062723c751e8b465ee728b)  -> (artifact id: '62656ea7ffe23ea5aecaaa3d9582e9f7') in 0.007047 seconds 
  Import took 0.009962 seconds .

========================================================================
Received Import Request.
  Time since last request: 14.146964 seconds.
  path: Assets/Animations/Character/Idle
  artifactKey: Guid(ab548c05f3f1f2248a1fb2e2ef018eea) Importer(815301076,1909f56bfc062723c751e8b465ee728b)
Start importing Assets/Animations/Character/Idle using Guid(ab548c05f3f1f2248a1fb2e2ef018eea) Importer(815301076,1909f56bfc062723c751e8b465ee728b)  -> (artifact id: 'd7948ac8e75fe0dd9b0b715ea3aa6a37') in 0.007274 seconds 
  Import took 0.010664 seconds .

========================================================================
Received Import Request.
  Time since last request: 7.471589 seconds.
  path: Assets/Animations/Character/Walking
  artifactKey: Guid(4466c75c2b157074c9497933addd9021) Importer(815301076,1909f56bfc062723c751e8b465ee728b)
Start importing Assets/Animations/Character/Walking using Guid(4466c75c2b157074c9497933addd9021) Importer(815301076,1909f56bfc062723c751e8b465ee728b)  -> (artifact id: '3fd5488b5e811c8182acb5141c92eecd') in 0.005968 seconds 
  Import took 0.009060 seconds .

========================================================================
Received Import Request.
  Time since last request: 11.117528 seconds.
  path: Assets/Animations/Character/Eating
  artifactKey: Guid(522a82c40913e544e9d7b59234e9bef0) Importer(815301076,1909f56bfc062723c751e8b465ee728b)
Start importing Assets/Animations/Character/Eating using Guid(522a82c40913e544e9d7b59234e9bef0) Importer(815301076,1909f56bfc062723c751e8b465ee728b)  -> (artifact id: '5c30754c7811d6ccae8f5f9581c706d4') in 0.005988 seconds 
  Import took 0.009511 seconds .

========================================================================
Received Import Request.
  Time since last request: 5.652031 seconds.
  path: Assets/Animations/Character/Shooting
  artifactKey: Guid(0399c90eae1277442a6ded24b1102dd3) Importer(815301076,1909f56bfc062723c751e8b465ee728b)
Start importing Assets/Animations/Character/Shooting using Guid(0399c90eae1277442a6ded24b1102dd3) Importer(815301076,1909f56bfc062723c751e8b465ee728b)  -> (artifact id: '03d6f3920a07c9f996a2b3f2f84291bf') in 0.006013 seconds 
  Import took 0.008958 seconds .

========================================================================
Received Import Request.
  Time since last request: 39.475751 seconds.
  path: Assets/Animations/Character/Jumping
  artifactKey: Guid(a9dbd22839a209545b01cd827b00d5e2) Importer(815301076,1909f56bfc062723c751e8b465ee728b)
Start importing Assets/Animations/Character/Jumping using Guid(a9dbd22839a209545b01cd827b00d5e2) Importer(815301076,1909f56bfc062723c751e8b465ee728b)  -> (artifact id: '0ce24b5777ce867d542cab373310b8b2') in 0.006262 seconds 
  Import took 0.009401 seconds .

========================================================================
Received Import Request.
  Time since last request: 7.827722 seconds.
  path: Assets/Scenes
  artifactKey: Guid(e003d239cc0a9414a8696b92c201dc02) Importer(815301076,1909f56bfc062723c751e8b465ee728b)
Start importing Assets/Scenes using Guid(e003d239cc0a9414a8696b92c201dc02) Importer(815301076,1909f56bfc062723c751e8b465ee728b)  -> (artifact id: '5b0f38ac0464f883cb693885cc558d7a') in 0.006438 seconds 
  Import took 0.009447 seconds .

========================================================================
Received Import Request.
  Time since last request: 0.907272 seconds.
  path: Assets/Scenes/SampleScene.unity
  artifactKey: Guid(2cda990e2423bbf4892e6590ba056729) Importer(815301076,1909f56bfc062723c751e8b465ee728b)
Start importing Assets/Scenes/SampleScene.unity using Guid(2cda990e2423bbf4892e6590ba056729) Importer(815301076,1909f56bfc062723c751e8b465ee728b)  -> (artifact id: 'aa27944bdea339c97c39027c7eea529c') in 0.013392 seconds 
  Import took 0.016536 seconds .

========================================================================
Received Import Request.
  Time since last request: 6.892817 seconds.
  path: Assets/Scenes/MainScene.unity
  artifactKey: Guid(2cda990e2423bbf4892e6590ba056729) Importer(815301076,1909f56bfc062723c751e8b465ee728b)
Start importing Assets/Scenes/MainScene.unity using Guid(2cda990e2423bbf4892e6590ba056729) Importer(815301076,1909f56bfc062723c751e8b465ee728b)  -> (artifact id: '18e8003c8cc64cbebb2abe648ca68268') in 0.006449 seconds 
  Import took 0.009616 seconds .

========================================================================
Received Import Request.
  Time since last request: 11.638108 seconds.
  path: Assets/Physics
  artifactKey: Guid(1b333db2da9848b41a289e4419462210) Importer(815301076,1909f56bfc062723c751e8b465ee728b)
Start importing Assets/Physics using Guid(1b333db2da9848b41a289e4419462210) Importer(815301076,1909f56bfc062723c751e8b465ee728b)  -> (artifact id: '0b7e007c79019e29acfa55ccb86cec0b') in 0.005831 seconds 
  Import took 0.009154 seconds .

AssetImportWorkerClient::OnTransportError - code=2 error=End of file
