Using pre-set license
Built from '2021.2/staging' branch; Version is '2021.2.7f1 (6bd9e232123f) revision 7068130'; Using compiler version '192829333'; Build Type 'Release'
OS: 'Windows 10  (10.0.19044) 64bit Core' Language: 'en' Physical Memory: 7893 MB
BatchMode: 1, IsHumanControllingUs: 0, StartBugReporterOnCrash: 0, Is64bit: 1, IsPro: 0

COMMAND LINE ARGUMENTS:
C:\Program Files\Unity\Hub\Editor\2021.2.7f1\2021.2.7f1\Editor\Unity.exe
-adb2
-batchMode
-noUpm
-name
AssetImportWorker7
-projectPath
C:/Users/andyn/OneDrive/Documentos/GitHub/Taberu
-logFile
Logs/AssetImportWorker7.log
-srvPort
59275
Successfully changed project path to: C:/Users/andyn/OneDrive/Documentos/GitHub/Taberu
C:/Users/andyn/OneDrive/Documentos/GitHub/Taberu
[UnityMemory] Configuration Parameters - Can be set up in boot.config
    "memorysetup-bucket-allocator-granularity=16"
    "memorysetup-bucket-allocator-bucket-count=8"
    "memorysetup-bucket-allocator-block-size=33554432"
    "memorysetup-bucket-allocator-block-count=8"
    "memorysetup-main-allocator-block-size=16777216"
    "memorysetup-thread-allocator-block-size=16777216"
    "memorysetup-gfx-main-allocator-block-size=16777216"
    "memorysetup-gfx-thread-allocator-block-size=16777216"
    "memorysetup-cache-allocator-block-size=4194304"
    "memorysetup-typetree-allocator-block-size=2097152"
    "memorysetup-profiler-bucket-allocator-granularity=16"
    "memorysetup-profiler-bucket-allocator-bucket-count=8"
    "memorysetup-profiler-bucket-allocator-block-size=33554432"
    "memorysetup-profiler-bucket-allocator-block-count=8"
    "memorysetup-profiler-allocator-block-size=16777216"
    "memorysetup-profiler-editor-allocator-block-size=1048576"
    "memorysetup-temp-allocator-size-main=16777216"
    "memorysetup-job-temp-allocator-block-size=2097152"
    "memorysetup-job-temp-allocator-block-size-background=1048576"
    "memorysetup-job-temp-allocator-reduction-small-platforms=262144"
    "memorysetup-temp-allocator-size-background-worker=32768"
    "memorysetup-temp-allocator-size-job-worker=262144"
    "memorysetup-temp-allocator-size-preload-manager=33554432"
    "memorysetup-temp-allocator-size-nav-mesh-worker=65536"
    "memorysetup-temp-allocator-size-audio-worker=65536"
    "memorysetup-temp-allocator-size-cloud-worker=32768"
    "memorysetup-temp-allocator-size-gi-baking-worker=262144"
    "memorysetup-temp-allocator-size-gfx=262144"
Refreshing native plugins compatible for Editor in 52.39 ms, found 3 plugins.
Preloading 0 native plugins for Editor in 0.00 ms.
Initialize engine version: 2021.2.7f1 (6bd9e232123f)
[Subsystems] Discovering subsystems at path C:/Program Files/Unity/Hub/Editor/2021.2.7f1/2021.2.7f1/Editor/Data/Resources/UnitySubsystems
[Subsystems] Discovering subsystems at path C:/Users/andyn/OneDrive/Documentos/GitHub/Taberu/Assets
GfxDevice: creating device client; threaded=0; jobified=0
Direct3D:
    Version:  Direct3D 11.0 [level 11.1]
    Renderer: NVIDIA GeForce RTX 3050 Laptop GPU (ID=0x25a5)
    Vendor:   NVIDIA
    VRAM:     3991 MB
    Driver:   30.0.14.7212
Initialize mono
Mono path[0] = 'C:/Program Files/Unity/Hub/Editor/2021.2.7f1/2021.2.7f1/Editor/Data/Managed'
Mono path[1] = 'C:/Program Files/Unity/Hub/Editor/2021.2.7f1/2021.2.7f1/Editor/Data/MonoBleedingEdge/lib/mono/unityjit-win32'
Mono config path = 'C:/Program Files/Unity/Hub/Editor/2021.2.7f1/2021.2.7f1/Editor/Data/MonoBleedingEdge/etc'
Using monoOptions --debugger-agent=transport=dt_socket,embedding=1,server=y,suspend=n,address=127.0.0.1:56716
Begin MonoManager ReloadAssembly
Registering precompiled unity dll's ...
Register platform support module: C:/Program Files/Unity/Hub/Editor/2021.2.7f1/2021.2.7f1/Editor/Data/PlaybackEngines/WebGLSupport/UnityEditor.WebGL.Extensions.dll
Register platform support module: C:/Program Files/Unity/Hub/Editor/2021.2.7f1/2021.2.7f1/Editor/Data/PlaybackEngines/WindowsStandaloneSupport/UnityEditor.WindowsStandalone.Extensions.dll
Registered in 0.007017 seconds.
Native extension for WindowsStandalone target not found
Native extension for WebGL target not found
Refreshing native plugins compatible for Editor in 41.34 ms, found 3 plugins.
Preloading 0 native plugins for Editor in 0.00 ms.
Mono: successfully reloaded assembly
- Completed reload, in  0.939 seconds
Domain Reload Profiling:
	ReloadAssembly (939ms)
		BeginReloadAssembly (400ms)
			ExecutionOrderSort (0ms)
			DisableScriptedObjects (0ms)
			BackupInstance (0ms)
			ReleaseScriptingObjects (0ms)
			CreateAndSetChildDomain (1ms)
		EndReloadAssembly (455ms)
			LoadAssemblies (397ms)
			RebuildTransferFunctionScriptingTraits (0ms)
			SetupTypeCache (112ms)
			ReleaseScriptCaches (0ms)
			RebuildScriptCaches (29ms)
			SetupLoadedEditorAssemblies (259ms)
				LogAssemblyErrors (0ms)
				InitializePlatformSupportModulesInManaged (17ms)
				SetLoadedEditorAssemblies (0ms)
				RefreshPlugins (41ms)
				BeforeProcessingInitializeOnLoad (1ms)
				ProcessInitializeOnLoadAttributes (153ms)
				ProcessInitializeOnLoadMethodAttributes (45ms)
				AfterProcessingInitializeOnLoad (0ms)
				EditorAssembliesLoaded (0ms)
			ExecutionOrderSort2 (0ms)
			AwakeInstancesAfterBackupRestoration (0ms)
Platform modules already initialized, skipping
Registering precompiled user dll's ...
Registered in 0.004737 seconds.
Begin MonoManager ReloadAssembly
Native extension for WindowsStandalone target not found
Native extension for WebGL target not found
Refreshing native plugins compatible for Editor in 57.92 ms, found 3 plugins.
Preloading 0 native plugins for Editor in 0.00 ms.
Mono: successfully reloaded assembly
- Completed reload, in  2.103 seconds
Domain Reload Profiling:
	ReloadAssembly (2105ms)
		BeginReloadAssembly (129ms)
			ExecutionOrderSort (0ms)
			DisableScriptedObjects (6ms)
			BackupInstance (0ms)
			ReleaseScriptingObjects (0ms)
			CreateAndSetChildDomain (25ms)
		EndReloadAssembly (1857ms)
			LoadAssemblies (318ms)
			RebuildTransferFunctionScriptingTraits (0ms)
			SetupTypeCache (288ms)
			ReleaseScriptCaches (1ms)
			RebuildScriptCaches (75ms)
			SetupLoadedEditorAssemblies (1120ms)
				LogAssemblyErrors (0ms)
				InitializePlatformSupportModulesInManaged (16ms)
				SetLoadedEditorAssemblies (0ms)
				RefreshPlugins (58ms)
				BeforeProcessingInitializeOnLoad (99ms)
				ProcessInitializeOnLoadAttributes (885ms)
				ProcessInitializeOnLoadMethodAttributes (54ms)
				AfterProcessingInitializeOnLoad (8ms)
				EditorAssembliesLoaded (0ms)
			ExecutionOrderSort2 (0ms)
			AwakeInstancesAfterBackupRestoration (6ms)
Platform modules already initialized, skipping
========================================================================
Worker process is ready to serve import requests
Launched and connected shader compiler UnityShaderCompiler.exe after 0.07 seconds
Refreshing native plugins compatible for Editor in 1.61 ms, found 3 plugins.
Preloading 0 native plugins for Editor in 0.00 ms.
Unloading 2312 Unused Serialized files (Serialized files now loaded: 0)
Unloading 33 unused Assets / (55.7 KB). Loaded Objects now: 2771.
Memory consumption went from 104.9 MB to 104.8 MB.
Total: 3.768100 ms (FindLiveObjects: 0.684600 ms CreateObjectMapping: 0.090300 ms MarkObjects: 2.923300 ms  DeleteObjects: 0.067700 ms)

AssetImportParameters requested are different than current active one (requested -> active):
  custom:video-decoder-ogg-theora: a1e56fd34408186e4bbccfd4996cb3dc -> 
  custom:container-muxer-webm: aa71ff27fc2769a1b78a27578f13a17b -> 
  custom:container-demuxer-webm: 4f35f7cbe854078d1ac9338744f61a02 -> 
  custom:video-encoder-webm-vp8: eb34c28f22e8b96e1ab97ce403110664 -> 
  custom:audio-encoder-webm-vorbis: bf7c407c2cedff20999df2af8eb42d56 -> 
  custom:framework-win-MediaFoundation: 216162199b28c13a410421893ffa2e32 -> 
  custom:container-demuxer-ogg: 62fdf1f143b41e24485cea50d1cbac27 -> 
  custom:video-decoder-webm-vp8: 9c59270c3fd7afecdb556c50c9e8de78 -> 
  custom:audio-decoder-ogg-vorbis: bf7c407c2cedff20999df2af8eb42d56 -> 
========================================================================
Received Import Request.
  Time since last request: 58356.772872 seconds.
  path: Assets/Spirites/Tilemaps/ICE/Ice_Bot_26_big_R_0001.asset
  artifactKey: Guid(2780f3371aec628449d6ae6767591b37) Importer(815301076,1909f56bfc062723c751e8b465ee728b)
Start importing Assets/Spirites/Tilemaps/ICE/Ice_Bot_26_big_R_0001.asset using Guid(2780f3371aec628449d6ae6767591b37) Importer(815301076,1909f56bfc062723c751e8b465ee728b)  -> (artifact id: '2b63793472d88f09fd91c49634cbb30d') in 0.070567 seconds 
========================================================================
Received Import Request.
  Time since last request: 1942.392742 seconds.
  path: Assets/Spirites/Tilemaps/ICE/Ice_Bot_M_0001.asset
  artifactKey: Guid(c927c02578232104685564527d05aa4b) Importer(815301076,1909f56bfc062723c751e8b465ee728b)
Start importing Assets/Spirites/Tilemaps/ICE/Ice_Bot_M_0001.asset using Guid(c927c02578232104685564527d05aa4b) Importer(815301076,1909f56bfc062723c751e8b465ee728b)  -> (artifact id: 'a4ad626d4f1750439b019f86d695d36a') in 0.018542 seconds 
========================================================================
Received Import Request.
  Time since last request: 0.000106 seconds.
  path: Assets/Spirites/Tilemaps/ICE/Ice_Top_0002.asset
  artifactKey: Guid(0c56ed709fe09a14ca86e4accb4bbbf9) Importer(815301076,1909f56bfc062723c751e8b465ee728b)
Start importing Assets/Spirites/Tilemaps/ICE/Ice_Top_0002.asset using Guid(0c56ed709fe09a14ca86e4accb4bbbf9) Importer(815301076,1909f56bfc062723c751e8b465ee728b)  -> (artifact id: '4ac31fc4d32cd4976e4bd095cf523d94') in 0.017404 seconds 
========================================================================
Received Import Request.
  Time since last request: 0.000018 seconds.
  path: Assets/Spirites/Tilemaps/ICE/Ice_Top_26_small_R_0001.asset
  artifactKey: Guid(57a308af90ef9eb4ea9422af32af14bf) Importer(815301076,1909f56bfc062723c751e8b465ee728b)
Start importing Assets/Spirites/Tilemaps/ICE/Ice_Top_26_small_R_0001.asset using Guid(57a308af90ef9eb4ea9422af32af14bf) Importer(815301076,1909f56bfc062723c751e8b465ee728b)  -> (artifact id: '6bc26d08a98d7fd30ee5097ee3a74ccc') in 0.014657 seconds 
========================================================================
Received Import Request.
  Time since last request: 0.000020 seconds.
  path: Assets/Spirites/Tilemaps/ICE/Ice_platform_0001.asset
  artifactKey: Guid(86e7a59933f3f0048abe77999022ab14) Importer(815301076,1909f56bfc062723c751e8b465ee728b)
Start importing Assets/Spirites/Tilemaps/ICE/Ice_platform_0001.asset using Guid(86e7a59933f3f0048abe77999022ab14) Importer(815301076,1909f56bfc062723c751e8b465ee728b)  -> (artifact id: '8482c96392a0afa6b9b1dd33f2b63a86') in 0.015934 seconds 
========================================================================
Received Import Request.
  Time since last request: 0.000023 seconds.
  path: Assets/Spirites/Tilemaps/ICE/Water_0002.asset
  artifactKey: Guid(b8cd9cb2bb69224409618a999f9c6a33) Importer(815301076,1909f56bfc062723c751e8b465ee728b)
Start importing Assets/Spirites/Tilemaps/ICE/Water_0002.asset using Guid(b8cd9cb2bb69224409618a999f9c6a33) Importer(815301076,1909f56bfc062723c751e8b465ee728b)  -> (artifact id: '0393c8235cd410f6574a70edd08ad44f') in 0.017903 seconds 
========================================================================
Received Import Request.
  Time since last request: 0.000020 seconds.
  path: Assets/Spirites/Tilemaps/ICE/Snow_G_26_big_R_0001.asset
  artifactKey: Guid(88eb64cb03f579e43a538dc8fa9751e8) Importer(815301076,1909f56bfc062723c751e8b465ee728b)
Start importing Assets/Spirites/Tilemaps/ICE/Snow_G_26_big_R_0001.asset using Guid(88eb64cb03f579e43a538dc8fa9751e8) Importer(815301076,1909f56bfc062723c751e8b465ee728b)  -> (artifact id: '209c6cbfb5b88fd22262874b5e357b65') in 0.013199 seconds 
========================================================================
Received Import Request.
  Time since last request: 0.000046 seconds.
  path: Assets/Spirites/Tilemaps/ICE/Snowhill_0003.asset
  artifactKey: Guid(253fe56d48929b54295ee0ca9b442a65) Importer(815301076,1909f56bfc062723c751e8b465ee728b)
Start importing Assets/Spirites/Tilemaps/ICE/Snowhill_0003.asset using Guid(253fe56d48929b54295ee0ca9b442a65) Importer(815301076,1909f56bfc062723c751e8b465ee728b)  -> (artifact id: '362a9d29ad4a4f383b17a7b517d51c6b') in 0.014275 seconds 
========================================================================
Received Import Request.
  Time since last request: 0.000027 seconds.
  path: Assets/Spirites/Tilemaps/ICE/Ice_G_26_big_L_0001.asset
  artifactKey: Guid(ef0e1535c4d5a494aaf0f26fa6dcefbc) Importer(815301076,1909f56bfc062723c751e8b465ee728b)
Start importing Assets/Spirites/Tilemaps/ICE/Ice_G_26_big_L_0001.asset using Guid(ef0e1535c4d5a494aaf0f26fa6dcefbc) Importer(815301076,1909f56bfc062723c751e8b465ee728b)  -> (artifact id: '7df7537a119375edf29ac05eedf1f815') in 0.016216 seconds 
========================================================================
Received Import Request.
  Time since last request: 0.000024 seconds.
  path: Assets/Spirites/Tilemaps/ICE/Ice_Bot_R_0001.asset
  artifactKey: Guid(0a2cd98053fbde54ebbe6fda3c03ce96) Importer(815301076,1909f56bfc062723c751e8b465ee728b)
Start importing Assets/Spirites/Tilemaps/ICE/Ice_Bot_R_0001.asset using Guid(0a2cd98053fbde54ebbe6fda3c03ce96) Importer(815301076,1909f56bfc062723c751e8b465ee728b)  -> (artifact id: '5f98f29e13c04ee1d9297f99453b6308') in 0.013375 seconds 
========================================================================
Received Import Request.
  Time since last request: 0.000029 seconds.
  path: Assets/Spirites/Tilemaps/ICE/Ice_G_S_R_0001.asset
  artifactKey: Guid(5e4713758bd43d64da77763f622b9e5b) Importer(815301076,1909f56bfc062723c751e8b465ee728b)
Start importing Assets/Spirites/Tilemaps/ICE/Ice_G_S_R_0001.asset using Guid(5e4713758bd43d64da77763f622b9e5b) Importer(815301076,1909f56bfc062723c751e8b465ee728b)  -> (artifact id: 'f523ec906a24fa055e53ac1ade8e7584') in 0.015816 seconds 
========================================================================
Received Import Request.
  Time since last request: 0.000068 seconds.
  path: Assets/Spirites/Tilemaps/ICE/Ice_cube_big_0001.asset
  artifactKey: Guid(d0067f73530cbba44a60b8c775296068) Importer(815301076,1909f56bfc062723c751e8b465ee728b)
Start importing Assets/Spirites/Tilemaps/ICE/Ice_cube_big_0001.asset using Guid(d0067f73530cbba44a60b8c775296068) Importer(815301076,1909f56bfc062723c751e8b465ee728b)  -> (artifact id: 'c70f50b75772b40830d5f04a42ea23e5') in 0.013871 seconds 
========================================================================
Received Import Request.
  Time since last request: 0.000019 seconds.
  path: Assets/Spirites/Tilemaps/ICE/Snowhill_0001.asset
  artifactKey: Guid(e5379d1aa119ea84db6d08d8cd3b1848) Importer(815301076,1909f56bfc062723c751e8b465ee728b)
Start importing Assets/Spirites/Tilemaps/ICE/Snowhill_0001.asset using Guid(e5379d1aa119ea84db6d08d8cd3b1848) Importer(815301076,1909f56bfc062723c751e8b465ee728b)  -> (artifact id: '06c0d7f160b930aac92b14014c6ac470') in 0.014373 seconds 
========================================================================
Received Import Request.
  Time since last request: 0.000029 seconds.
  path: Assets/Spirites/Tilemaps/ICE/Ice_Top_26_big_R_0001.asset
  artifactKey: Guid(dbbe576de99ca9a41af16fd92d639d65) Importer(815301076,1909f56bfc062723c751e8b465ee728b)
Start importing Assets/Spirites/Tilemaps/ICE/Ice_Top_26_big_R_0001.asset using Guid(dbbe576de99ca9a41af16fd92d639d65) Importer(815301076,1909f56bfc062723c751e8b465ee728b)  -> (artifact id: '73bdcdc477f6e2619e34cb8da5b3a2d7') in 0.013687 seconds 
========================================================================
Received Import Request.
  Time since last request: 0.000018 seconds.
  path: Assets/Spirites/Tilemaps/ICE/Ice_Bot_S_R_0001.asset
  artifactKey: Guid(71c1c067e5da6c8429a2aa95c163c053) Importer(815301076,1909f56bfc062723c751e8b465ee728b)
Start importing Assets/Spirites/Tilemaps/ICE/Ice_Bot_S_R_0001.asset using Guid(71c1c067e5da6c8429a2aa95c163c053) Importer(815301076,1909f56bfc062723c751e8b465ee728b)  -> (artifact id: '81b2ef1a6b937b645f05dd1edbfdfb7d') in 0.013279 seconds 
========================================================================
Received Import Request.
  Time since last request: 0.000030 seconds.
  path: Assets/Spirites/Tilemaps/ICE/Snow_G_S_R_0001.asset
  artifactKey: Guid(e9c2b00e221211b469fa545428b2df56) Importer(815301076,1909f56bfc062723c751e8b465ee728b)
Start importing Assets/Spirites/Tilemaps/ICE/Snow_G_S_R_0001.asset using Guid(e9c2b00e221211b469fa545428b2df56) Importer(815301076,1909f56bfc062723c751e8b465ee728b)  -> (artifact id: '7e545ee10c6f48fb5d09408a4add5fc4') in 0.014950 seconds 
========================================================================
Received Import Request.
  Time since last request: 0.000040 seconds.
  path: Assets/Spirites/Tilemaps/ICE/Ice_Bot_spikes_R_0001.asset
  artifactKey: Guid(9c6ca9d3ddf11c74591e23a5526df240) Importer(815301076,1909f56bfc062723c751e8b465ee728b)
Start importing Assets/Spirites/Tilemaps/ICE/Ice_Bot_spikes_R_0001.asset using Guid(9c6ca9d3ddf11c74591e23a5526df240) Importer(815301076,1909f56bfc062723c751e8b465ee728b)  -> (artifact id: '188fe918433c26a3b2a90aac660f78a5') in 0.014934 seconds 
========================================================================
Received Import Request.
  Time since last request: 0.000022 seconds.
  path: Assets/Spirites/Tilemaps/ICE/Ice_cube_small_0001.asset
  artifactKey: Guid(d871533a4f77dde49bc37758c9322bfc) Importer(815301076,1909f56bfc062723c751e8b465ee728b)
Start importing Assets/Spirites/Tilemaps/ICE/Ice_cube_small_0001.asset using Guid(d871533a4f77dde49bc37758c9322bfc) Importer(815301076,1909f56bfc062723c751e8b465ee728b)  -> (artifact id: '55914983bf4d881dd0d198e01c6a0c26') in 0.014344 seconds 
========================================================================
Received Import Request.
  Time since last request: 0.000035 seconds.
  path: Assets/Spirites/Tilemaps/ICE/Snow_G_26_small_L_0001.asset
  artifactKey: Guid(8dfd31c1cc42e8b47bcc6df25edaa030) Importer(815301076,1909f56bfc062723c751e8b465ee728b)
Start importing Assets/Spirites/Tilemaps/ICE/Snow_G_26_small_L_0001.asset using Guid(8dfd31c1cc42e8b47bcc6df25edaa030) Importer(815301076,1909f56bfc062723c751e8b465ee728b)  -> (artifact id: '69a681cd5384f2269e1035157a6295d1') in 0.013769 seconds 
========================================================================
Received Import Request.
  Time since last request: 0.000018 seconds.
  path: Assets/Spirites/Tilemaps/ICE/Ice_Top_26_small_L_0001.asset
  artifactKey: Guid(ce33e9e3252c1fa47b6d9f1d9994d635) Importer(815301076,1909f56bfc062723c751e8b465ee728b)
Start importing Assets/Spirites/Tilemaps/ICE/Ice_Top_26_small_L_0001.asset using Guid(ce33e9e3252c1fa47b6d9f1d9994d635) Importer(815301076,1909f56bfc062723c751e8b465ee728b)  -> (artifact id: '60b2daedaa50e180b72c536246c87d73') in 0.013410 seconds 
========================================================================
Received Import Request.
  Time since last request: 0.000031 seconds.
  path: Assets/Spirites/Tilemaps/ICE/Ice_Bot_spikes_0001.asset
  artifactKey: Guid(444f8d66636107b40895077980216fb2) Importer(815301076,1909f56bfc062723c751e8b465ee728b)
Start importing Assets/Spirites/Tilemaps/ICE/Ice_Bot_spikes_0001.asset using Guid(444f8d66636107b40895077980216fb2) Importer(815301076,1909f56bfc062723c751e8b465ee728b)  -> (artifact id: '7b2e32dbe9f9e6650d07ef5d048bdaa6') in 0.014577 seconds 
========================================================================
Received Import Request.
  Time since last request: 0.000039 seconds.
  path: Assets/Spirites/Tilemaps/ICE/Snowhill_0002.asset
  artifactKey: Guid(3b41d45afac6a4c428685d8a2f9400a6) Importer(815301076,1909f56bfc062723c751e8b465ee728b)
Start importing Assets/Spirites/Tilemaps/ICE/Snowhill_0002.asset using Guid(3b41d45afac6a4c428685d8a2f9400a6) Importer(815301076,1909f56bfc062723c751e8b465ee728b)  -> (artifact id: 'c29dc9e505e0675898fcccb2494c7157') in 0.013645 seconds 
========================================================================
Received Import Request.
  Time since last request: 0.000021 seconds.
  path: Assets/Spirites/Tilemaps/ICE/Ice_G_26_small_R_0001.asset
  artifactKey: Guid(5b2fcbac24c29254fba1f8785690137d) Importer(815301076,1909f56bfc062723c751e8b465ee728b)
Start importing Assets/Spirites/Tilemaps/ICE/Ice_G_26_small_R_0001.asset using Guid(5b2fcbac24c29254fba1f8785690137d) Importer(815301076,1909f56bfc062723c751e8b465ee728b)  -> (artifact id: 'a6fdf3983be6a00df7e8d5cd277facd2') in 0.012709 seconds 
========================================================================
Received Import Request.
  Time since last request: 0.000024 seconds.
  path: Assets/Spirites/Tilemaps/ICE/Ice_Top_0003.asset
  artifactKey: Guid(663f0f818bd174f4b9c5aa05ff3c3fe0) Importer(815301076,1909f56bfc062723c751e8b465ee728b)
Start importing Assets/Spirites/Tilemaps/ICE/Ice_Top_0003.asset using Guid(663f0f818bd174f4b9c5aa05ff3c3fe0) Importer(815301076,1909f56bfc062723c751e8b465ee728b)  -> (artifact id: '56366d2dce0c66109d6d9eb6b295f100') in 0.014068 seconds 
========================================================================
Received Import Request.
  Time since last request: 0.000030 seconds.
  path: Assets/Spirites/Tilemaps/ICE/Ice_Bot_spikes_L_0001.asset
  artifactKey: Guid(fdc33cd2d88e9fc4b8ca402d2d1a51c9) Importer(815301076,1909f56bfc062723c751e8b465ee728b)
Start importing Assets/Spirites/Tilemaps/ICE/Ice_Bot_spikes_L_0001.asset using Guid(fdc33cd2d88e9fc4b8ca402d2d1a51c9) Importer(815301076,1909f56bfc062723c751e8b465ee728b)  -> (artifact id: 'f9721c75f0b929523a1f0e2df67348bc') in 0.011700 seconds 
Editor requested this worker to shutdown with reason: Scaling down because of idle timeout
AssetImportWorker is now disconnected from the server
Process exiting
Exiting without the bug reporter. Application will terminate with return code 0