Using pre-set license
Built from '2021.2/staging' branch; Version is '2021.2.7f1 (6bd9e232123f) revision 7068130'; Using compiler version '192829333'; Build Type 'Release'
OS: 'Windows 10  (10.0.19044) 64bit Core' Language: 'en' Physical Memory: 7893 MB
BatchMode: 1, IsHumanControllingUs: 0, StartBugReporterOnCrash: 0, Is64bit: 1, IsPro: 0

COMMAND LINE ARGUMENTS:
C:\Program Files\Unity\Hub\Editor\2021.2.7f1\2021.2.7f1\Editor\Unity.exe
-adb2
-batchMode
-noUpm
-name
AssetImportWorker6
-projectPath
C:/Users/andyn/OneDrive/Documentos/GitHub/Taberu
-logFile
Logs/AssetImportWorker6.log
-srvPort
59275
Successfully changed project path to: C:/Users/andyn/OneDrive/Documentos/GitHub/Taberu
C:/Users/andyn/OneDrive/Documentos/GitHub/Taberu
[UnityMemory] Configuration Parameters - Can be set up in boot.config
    "memorysetup-bucket-allocator-granularity=16"
    "memorysetup-bucket-allocator-bucket-count=8"
    "memorysetup-bucket-allocator-block-size=33554432"
    "memorysetup-bucket-allocator-block-count=8"
    "memorysetup-main-allocator-block-size=16777216"
    "memorysetup-thread-allocator-block-size=16777216"
    "memorysetup-gfx-main-allocator-block-size=16777216"
    "memorysetup-gfx-thread-allocator-block-size=16777216"
    "memorysetup-cache-allocator-block-size=4194304"
    "memorysetup-typetree-allocator-block-size=2097152"
    "memorysetup-profiler-bucket-allocator-granularity=16"
    "memorysetup-profiler-bucket-allocator-bucket-count=8"
    "memorysetup-profiler-bucket-allocator-block-size=33554432"
    "memorysetup-profiler-bucket-allocator-block-count=8"
    "memorysetup-profiler-allocator-block-size=16777216"
    "memorysetup-profiler-editor-allocator-block-size=1048576"
    "memorysetup-temp-allocator-size-main=16777216"
    "memorysetup-job-temp-allocator-block-size=2097152"
    "memorysetup-job-temp-allocator-block-size-background=1048576"
    "memorysetup-job-temp-allocator-reduction-small-platforms=262144"
    "memorysetup-temp-allocator-size-background-worker=32768"
    "memorysetup-temp-allocator-size-job-worker=262144"
    "memorysetup-temp-allocator-size-preload-manager=33554432"
    "memorysetup-temp-allocator-size-nav-mesh-worker=65536"
    "memorysetup-temp-allocator-size-audio-worker=65536"
    "memorysetup-temp-allocator-size-cloud-worker=32768"
    "memorysetup-temp-allocator-size-gi-baking-worker=262144"
    "memorysetup-temp-allocator-size-gfx=262144"
Refreshing native plugins compatible for Editor in 52.39 ms, found 3 plugins.
Preloading 0 native plugins for Editor in 0.00 ms.
Initialize engine version: 2021.2.7f1 (6bd9e232123f)
[Subsystems] Discovering subsystems at path C:/Program Files/Unity/Hub/Editor/2021.2.7f1/2021.2.7f1/Editor/Data/Resources/UnitySubsystems
[Subsystems] Discovering subsystems at path C:/Users/andyn/OneDrive/Documentos/GitHub/Taberu/Assets
GfxDevice: creating device client; threaded=0; jobified=0
Direct3D:
    Version:  Direct3D 11.0 [level 11.1]
    Renderer: NVIDIA GeForce RTX 3050 Laptop GPU (ID=0x25a5)
    Vendor:   NVIDIA
    VRAM:     3991 MB
    Driver:   30.0.14.7212
Initialize mono
Mono path[0] = 'C:/Program Files/Unity/Hub/Editor/2021.2.7f1/2021.2.7f1/Editor/Data/Managed'
Mono path[1] = 'C:/Program Files/Unity/Hub/Editor/2021.2.7f1/2021.2.7f1/Editor/Data/MonoBleedingEdge/lib/mono/unityjit-win32'
Mono config path = 'C:/Program Files/Unity/Hub/Editor/2021.2.7f1/2021.2.7f1/Editor/Data/MonoBleedingEdge/etc'
Using monoOptions --debugger-agent=transport=dt_socket,embedding=1,server=y,suspend=n,address=127.0.0.1:56120
Begin MonoManager ReloadAssembly
Registering precompiled unity dll's ...
Register platform support module: C:/Program Files/Unity/Hub/Editor/2021.2.7f1/2021.2.7f1/Editor/Data/PlaybackEngines/WebGLSupport/UnityEditor.WebGL.Extensions.dll
Register platform support module: C:/Program Files/Unity/Hub/Editor/2021.2.7f1/2021.2.7f1/Editor/Data/PlaybackEngines/WindowsStandaloneSupport/UnityEditor.WindowsStandalone.Extensions.dll
Registered in 0.009039 seconds.
Native extension for WindowsStandalone target not found
Native extension for WebGL target not found
Refreshing native plugins compatible for Editor in 39.88 ms, found 3 plugins.
Preloading 0 native plugins for Editor in 0.00 ms.
Mono: successfully reloaded assembly
- Completed reload, in  0.715 seconds
Domain Reload Profiling:
	ReloadAssembly (715ms)
		BeginReloadAssembly (130ms)
			ExecutionOrderSort (0ms)
			DisableScriptedObjects (0ms)
			BackupInstance (0ms)
			ReleaseScriptingObjects (0ms)
			CreateAndSetChildDomain (1ms)
		EndReloadAssembly (498ms)
			LoadAssemblies (129ms)
			RebuildTransferFunctionScriptingTraits (0ms)
			SetupTypeCache (113ms)
			ReleaseScriptCaches (0ms)
			RebuildScriptCaches (47ms)
			SetupLoadedEditorAssemblies (275ms)
				LogAssemblyErrors (0ms)
				InitializePlatformSupportModulesInManaged (18ms)
				SetLoadedEditorAssemblies (0ms)
				RefreshPlugins (40ms)
				BeforeProcessingInitializeOnLoad (1ms)
				ProcessInitializeOnLoadAttributes (164ms)
				ProcessInitializeOnLoadMethodAttributes (51ms)
				AfterProcessingInitializeOnLoad (0ms)
				EditorAssembliesLoaded (0ms)
			ExecutionOrderSort2 (0ms)
			AwakeInstancesAfterBackupRestoration (0ms)
Platform modules already initialized, skipping
Registering precompiled user dll's ...
Registered in 0.004717 seconds.
Begin MonoManager ReloadAssembly
Native extension for WindowsStandalone target not found
Native extension for WebGL target not found
Refreshing native plugins compatible for Editor in 58.02 ms, found 3 plugins.
Preloading 0 native plugins for Editor in 0.00 ms.
Mono: successfully reloaded assembly
- Completed reload, in  1.888 seconds
Domain Reload Profiling:
	ReloadAssembly (1889ms)
		BeginReloadAssembly (148ms)
			ExecutionOrderSort (0ms)
			DisableScriptedObjects (5ms)
			BackupInstance (0ms)
			ReleaseScriptingObjects (0ms)
			CreateAndSetChildDomain (26ms)
		EndReloadAssembly (1642ms)
			LoadAssemblies (130ms)
			RebuildTransferFunctionScriptingTraits (0ms)
			SetupTypeCache (236ms)
			ReleaseScriptCaches (1ms)
			RebuildScriptCaches (59ms)
			SetupLoadedEditorAssemblies (1145ms)
				LogAssemblyErrors (0ms)
				InitializePlatformSupportModulesInManaged (14ms)
				SetLoadedEditorAssemblies (0ms)
				RefreshPlugins (58ms)
				BeforeProcessingInitializeOnLoad (95ms)
				ProcessInitializeOnLoadAttributes (901ms)
				ProcessInitializeOnLoadMethodAttributes (62ms)
				AfterProcessingInitializeOnLoad (14ms)
				EditorAssembliesLoaded (1ms)
			ExecutionOrderSort2 (0ms)
			AwakeInstancesAfterBackupRestoration (10ms)
Platform modules already initialized, skipping
========================================================================
Worker process is ready to serve import requests
Launched and connected shader compiler UnityShaderCompiler.exe after 0.09 seconds
Refreshing native plugins compatible for Editor in 1.09 ms, found 3 plugins.
Preloading 0 native plugins for Editor in 0.00 ms.
Unloading 2312 Unused Serialized files (Serialized files now loaded: 0)
Unloading 33 unused Assets / (55.7 KB). Loaded Objects now: 2771.
Memory consumption went from 104.9 MB to 104.8 MB.
Total: 3.893100 ms (FindLiveObjects: 0.187000 ms CreateObjectMapping: 0.055200 ms MarkObjects: 3.272200 ms  DeleteObjects: 0.374900 ms)

AssetImportParameters requested are different than current active one (requested -> active):
  custom:video-decoder-ogg-theora: a1e56fd34408186e4bbccfd4996cb3dc -> 
  custom:container-muxer-webm: aa71ff27fc2769a1b78a27578f13a17b -> 
  custom:container-demuxer-webm: 4f35f7cbe854078d1ac9338744f61a02 -> 
  custom:video-encoder-webm-vp8: eb34c28f22e8b96e1ab97ce403110664 -> 
  custom:audio-encoder-webm-vorbis: bf7c407c2cedff20999df2af8eb42d56 -> 
  custom:framework-win-MediaFoundation: 216162199b28c13a410421893ffa2e32 -> 
  custom:container-demuxer-ogg: 62fdf1f143b41e24485cea50d1cbac27 -> 
  custom:video-decoder-webm-vp8: 9c59270c3fd7afecdb556c50c9e8de78 -> 
  custom:audio-decoder-ogg-vorbis: bf7c407c2cedff20999df2af8eb42d56 -> 
========================================================================
Received Import Request.
  Time since last request: 58298.969665 seconds.
  path: Assets/Spirites/Tilemaps/ICE/New Palette.prefab
  artifactKey: Guid(6afca1bdd9c0e17449da6918d6859691) Importer(815301076,1909f56bfc062723c751e8b465ee728b)
Start importing Assets/Spirites/Tilemaps/ICE/New Palette.prefab using Guid(6afca1bdd9c0e17449da6918d6859691) Importer(815301076,1909f56bfc062723c751e8b465ee728b)  -> (artifact id: '7002f56ad7c658983a1f2e205d795841') in 0.091357 seconds 
========================================================================
Received Import Request.
  Time since last request: 12.663100 seconds.
  path: Assets/Spirites/Tilemaps/ICE/ICE_FLOOR.prefab
  artifactKey: Guid(6afca1bdd9c0e17449da6918d6859691) Importer(815301076,1909f56bfc062723c751e8b465ee728b)
Start importing Assets/Spirites/Tilemaps/ICE/ICE_FLOOR.prefab using Guid(6afca1bdd9c0e17449da6918d6859691) Importer(815301076,1909f56bfc062723c751e8b465ee728b)  -> (artifact id: '374aa9927ef93c50e7a8e1cb55b40a58') in 0.008906 seconds 
========================================================================
Received Import Request.
  Time since last request: 24.327141 seconds.
  path: Assets/Spirites/Tilemaps/ICE/ICE_FLOOR.prefab
  artifactKey: Guid(6afca1bdd9c0e17449da6918d6859691) Importer(815301076,1909f56bfc062723c751e8b465ee728b)
Start importing Assets/Spirites/Tilemaps/ICE/ICE_FLOOR.prefab using Guid(6afca1bdd9c0e17449da6918d6859691) Importer(815301076,1909f56bfc062723c751e8b465ee728b)  -> (artifact id: 'bb6cca6f58a3687f5c5955c62628a568') in 0.020205 seconds 
========================================================================
Received Import Request.
  Time since last request: 20.681185 seconds.
  path: Assets/Spirites/Tilemaps/ICE/Ice_Bot_26_big_L_0001.asset
  artifactKey: Guid(64d74b198edaa7c4c8b9ecaca65b798f) Importer(815301076,1909f56bfc062723c751e8b465ee728b)
Start importing Assets/Spirites/Tilemaps/ICE/Ice_Bot_26_big_L_0001.asset using Guid(64d74b198edaa7c4c8b9ecaca65b798f) Importer(815301076,1909f56bfc062723c751e8b465ee728b)  -> (artifact id: 'e4d2c2c371bacc1ea12fd3f6f7a23f8b') in 0.016014 seconds 
========================================================================
Received Import Request.
  Time since last request: 0.000032 seconds.
  path: Assets/Spirites/Tilemaps/ICE/ICE_FLOOR.prefab
  artifactKey: Guid(6afca1bdd9c0e17449da6918d6859691) Importer(815301076,1909f56bfc062723c751e8b465ee728b)
Start importing Assets/Spirites/Tilemaps/ICE/ICE_FLOOR.prefab using Guid(6afca1bdd9c0e17449da6918d6859691) Importer(815301076,1909f56bfc062723c751e8b465ee728b)  -> (artifact id: '86512064712aac2d11478c833163db3e') in 0.020802 seconds 
========================================================================
Received Import Request.
  Time since last request: 4.461452 seconds.
  path: Assets/Spirites/Tilemaps/ICE/ICE_FLOOR.prefab
  artifactKey: Guid(6afca1bdd9c0e17449da6918d6859691) Importer(815301076,1909f56bfc062723c751e8b465ee728b)
Start importing Assets/Spirites/Tilemaps/ICE/ICE_FLOOR.prefab using Guid(6afca1bdd9c0e17449da6918d6859691) Importer(815301076,1909f56bfc062723c751e8b465ee728b)  -> (artifact id: '6bf0848151d91e66a5d9d2818415753c') in 0.011440 seconds 
========================================================================
Received Import Request.
  Time since last request: 43.485699 seconds.
  path: Assets/Spirites/Tilemaps/ICE/ICE_FLOOR.prefab
  artifactKey: Guid(6afca1bdd9c0e17449da6918d6859691) Importer(815301076,1909f56bfc062723c751e8b465ee728b)
Start importing Assets/Spirites/Tilemaps/ICE/ICE_FLOOR.prefab using Guid(6afca1bdd9c0e17449da6918d6859691) Importer(815301076,1909f56bfc062723c751e8b465ee728b)  -> (artifact id: '051d64c483575642637b927f9293603e') in 0.014528 seconds 
========================================================================
Received Import Request.
  Time since last request: 3.813981 seconds.
  path: Assets/Spirites/Tilemaps/ICE
  artifactKey: Guid(1f6adc6426045ad4d86b92e9cf724da6) Importer(815301076,1909f56bfc062723c751e8b465ee728b)
Start importing Assets/Spirites/Tilemaps/ICE using Guid(1f6adc6426045ad4d86b92e9cf724da6) Importer(815301076,1909f56bfc062723c751e8b465ee728b)  -> (artifact id: 'd48701a81aa7e148a6994ce9f10315f4') in 0.002905 seconds 
========================================================================
Received Import Request.
  Time since last request: 4.696509 seconds.
  path: Assets/Spirites/Tilemaps/ICE/ICE_FLOOR.prefab
  artifactKey: Guid(6afca1bdd9c0e17449da6918d6859691) Importer(815301076,1909f56bfc062723c751e8b465ee728b)
Start importing Assets/Spirites/Tilemaps/ICE/ICE_FLOOR.prefab using Guid(6afca1bdd9c0e17449da6918d6859691) Importer(815301076,1909f56bfc062723c751e8b465ee728b)  -> (artifact id: '08be1891eb6048fb23108f77d22f56f7') in 0.014272 seconds 
========================================================================
Received Import Request.
  Time since last request: 196.426745 seconds.
  path: Assets/Spirites/Environment/ICE/Snow_G_26_big_L_0001.asset
  artifactKey: Guid(8612a514c685ef741835b05dc3a1643f) Importer(815301076,1909f56bfc062723c751e8b465ee728b)
Start importing Assets/Spirites/Environment/ICE/Snow_G_26_big_L_0001.asset using Guid(8612a514c685ef741835b05dc3a1643f) Importer(815301076,1909f56bfc062723c751e8b465ee728b)  -> (artifact id: '687851e05ddef04f683b38f385e88f61') in 0.008438 seconds 
========================================================================
Received Import Request.
  Time since last request: 1469.654319 seconds.
  path: Assets/Spirites/Environment/Backgrounds
  artifactKey: Guid(b9d78707a1222a549a0d6ad19eeec42a) Importer(815301076,1909f56bfc062723c751e8b465ee728b)
Start importing Assets/Spirites/Environment/Backgrounds using Guid(b9d78707a1222a549a0d6ad19eeec42a) Importer(815301076,1909f56bfc062723c751e8b465ee728b)  -> (artifact id: '78f3b5dcc441036cc5436db4924975ba') in 0.007456 seconds 
========================================================================
Received Import Request.
  Time since last request: 15.649663 seconds.
  path: Assets/Spirites/Environment/Backgrounds/Background1.mp4
  artifactKey: Guid(0216a5c75a5d00947a79da0af976375d) Importer(815301076,1909f56bfc062723c751e8b465ee728b)
Start importing Assets/Spirites/Environment/Backgrounds/Background1.mp4 using Guid(0216a5c75a5d00947a79da0af976375d) Importer(815301076,1909f56bfc062723c751e8b465ee728b)  -> (artifact id: '07bdb1188a05b9b2f53ebd6e4c34b34a') in 0.036481 seconds 
========================================================================
Received Import Request.
  Time since last request: 64.943627 seconds.
  path: Assets
  artifactKey: Guid(00000000000000001000000000000000) Importer(815301076,1909f56bfc062723c751e8b465ee728b)
Start importing Assets using Guid(00000000000000001000000000000000) Importer(815301076,1909f56bfc062723c751e8b465ee728b)  -> (artifact id: '79842766b460edbeab6a34051e857a80') in 0.017220 seconds 
========================================================================
Received Import Request.
  Time since last request: 5.877859 seconds.
  path: Assets/Textures
  artifactKey: Guid(95ebcc83e73527942923ca5e3d3a3815) Importer(815301076,1909f56bfc062723c751e8b465ee728b)
Start importing Assets/Textures using Guid(95ebcc83e73527942923ca5e3d3a3815) Importer(815301076,1909f56bfc062723c751e8b465ee728b)  -> (artifact id: '731991b68307381b713606c1b5aa9d27') in 0.005333 seconds 
========================================================================
Received Import Request.
  Time since last request: 35.558981 seconds.
  path: Assets/Textures/New Render Texture.renderTexture
  artifactKey: Guid(8aa45a073b2bdf748b865beb00c4bf3d) Importer(815301076,1909f56bfc062723c751e8b465ee728b)
Start importing Assets/Textures/New Render Texture.renderTexture using Guid(8aa45a073b2bdf748b865beb00c4bf3d) Importer(815301076,1909f56bfc062723c751e8b465ee728b)  -> (artifact id: '5f6d274c14d09ad67dd2c74cbb90440e') in 0.022914 seconds 
========================================================================
Received Import Request.
  Time since last request: 97.654274 seconds.
  path: Assets/Spirites/Tilemaps/ICE/Ice_Bot_L_0001.asset
  artifactKey: Guid(b44f10259bab82548a5f7eda13d76c1b) Importer(815301076,1909f56bfc062723c751e8b465ee728b)
Start importing Assets/Spirites/Tilemaps/ICE/Ice_Bot_L_0001.asset using Guid(b44f10259bab82548a5f7eda13d76c1b) Importer(815301076,1909f56bfc062723c751e8b465ee728b)  -> (artifact id: '6706e9da545dfec154cdffb0e1a18cb4') in 0.021977 seconds 
========================================================================
Received Import Request.
  Time since last request: 0.000019 seconds.
  path: Assets/Spirites/Tilemaps/ICE/Ice_Top_0001.asset
  artifactKey: Guid(205b005e14a8f204f97dc61025fce4ca) Importer(815301076,1909f56bfc062723c751e8b465ee728b)
Start importing Assets/Spirites/Tilemaps/ICE/Ice_Top_0001.asset using Guid(205b005e14a8f204f97dc61025fce4ca) Importer(815301076,1909f56bfc062723c751e8b465ee728b)  -> (artifact id: '5a86e8ac286f21ce745e4f1800124541') in 0.023018 seconds 
========================================================================
Received Import Request.
  Time since last request: 0.000019 seconds.
  path: Assets/Spirites/Tilemaps/ICE/Snow_platform_0001.asset
  artifactKey: Guid(4b46d1b3fea8ce9419fae96c33a87281) Importer(815301076,1909f56bfc062723c751e8b465ee728b)
Start importing Assets/Spirites/Tilemaps/ICE/Snow_platform_0001.asset using Guid(4b46d1b3fea8ce9419fae96c33a87281) Importer(815301076,1909f56bfc062723c751e8b465ee728b)  -> (artifact id: 'fa42a8724cfa91bfcc2324157f5bd711') in 0.015405 seconds 
========================================================================
Received Import Request.
  Time since last request: 0.000031 seconds.
  path: Assets/Spirites/Tilemaps/ICE/Water_0001.asset
  artifactKey: Guid(3761af5fbc2f1df4d82095315d09c1e4) Importer(815301076,1909f56bfc062723c751e8b465ee728b)
Start importing Assets/Spirites/Tilemaps/ICE/Water_0001.asset using Guid(3761af5fbc2f1df4d82095315d09c1e4) Importer(815301076,1909f56bfc062723c751e8b465ee728b)  -> (artifact id: 'fe03be0cac6796469efc4fe1efb5b45a') in 0.013544 seconds 
========================================================================
Received Import Request.
  Time since last request: 0.000025 seconds.
  path: Assets/Spirites/Tilemaps/ICE/Snow_G_M_0001.asset
  artifactKey: Guid(be282b716fa14894bbfd5eff4c14f2aa) Importer(815301076,1909f56bfc062723c751e8b465ee728b)
Start importing Assets/Spirites/Tilemaps/ICE/Snow_G_M_0001.asset using Guid(be282b716fa14894bbfd5eff4c14f2aa) Importer(815301076,1909f56bfc062723c751e8b465ee728b)  -> (artifact id: '5cd5ab2c7cab844a1edb78ff77520f98') in 0.015106 seconds 
========================================================================
Received Import Request.
  Time since last request: 0.000023 seconds.
  path: Assets/Spirites/Tilemaps/ICE/Ice_G_26_small_L_0001.asset
  artifactKey: Guid(4914c7f4951ec6d4db140ecb127ced97) Importer(815301076,1909f56bfc062723c751e8b465ee728b)
Start importing Assets/Spirites/Tilemaps/ICE/Ice_G_26_small_L_0001.asset using Guid(4914c7f4951ec6d4db140ecb127ced97) Importer(815301076,1909f56bfc062723c751e8b465ee728b)  -> (artifact id: '53288db6e4e824692754c5de2a107c98') in 0.016391 seconds 
========================================================================
Received Import Request.
  Time since last request: 0.000071 seconds.
  path: Assets/Spirites/Tilemaps/ICE/Snow_E_L_0001.asset
  artifactKey: Guid(2d02548df958e544b9af9d8a90f11a00) Importer(815301076,1909f56bfc062723c751e8b465ee728b)
Start importing Assets/Spirites/Tilemaps/ICE/Snow_E_L_0001.asset using Guid(2d02548df958e544b9af9d8a90f11a00) Importer(815301076,1909f56bfc062723c751e8b465ee728b)  -> (artifact id: 'd3d42710585acf945d18c9a323ea1b81') in 0.016643 seconds 
========================================================================
Received Import Request.
  Time since last request: 0.000025 seconds.
  path: Assets/Spirites/Tilemaps/ICE/ICE_FLOOR.prefab
  artifactKey: Guid(6afca1bdd9c0e17449da6918d6859691) Importer(815301076,1909f56bfc062723c751e8b465ee728b)
Start importing Assets/Spirites/Tilemaps/ICE/ICE_FLOOR.prefab using Guid(6afca1bdd9c0e17449da6918d6859691) Importer(815301076,1909f56bfc062723c751e8b465ee728b)  -> (artifact id: 'd61b274d53132a5565f662e401770276') in 0.113529 seconds 
========================================================================
Received Import Request.
  Time since last request: 0.000038 seconds.
  path: Assets/Spirites/Tilemaps/ICE/Ice_G_26_big_R_0001.asset
  artifactKey: Guid(7e50b8948789ce04c8a5e14ca59010bd) Importer(815301076,1909f56bfc062723c751e8b465ee728b)
Start importing Assets/Spirites/Tilemaps/ICE/Ice_G_26_big_R_0001.asset using Guid(7e50b8948789ce04c8a5e14ca59010bd) Importer(815301076,1909f56bfc062723c751e8b465ee728b)  -> (artifact id: '9c6105d4996916cf79872739638e0245') in 0.014192 seconds 
========================================================================
Received Import Request.
  Time since last request: 0.000027 seconds.
  path: Assets/Spirites/Tilemaps/ICE/Universal_Color_0000.asset
  artifactKey: Guid(3ef6ad70882d5274494add2cc8ac20ca) Importer(815301076,1909f56bfc062723c751e8b465ee728b)
Start importing Assets/Spirites/Tilemaps/ICE/Universal_Color_0000.asset using Guid(3ef6ad70882d5274494add2cc8ac20ca) Importer(815301076,1909f56bfc062723c751e8b465ee728b)  -> (artifact id: '615ad3b3fa827ee6ea47f47300cd189a') in 0.014109 seconds 
========================================================================
Received Import Request.
  Time since last request: 0.000050 seconds.
  path: Assets/Spirites/Tilemaps/ICE/Snow_decoration_0002.asset
  artifactKey: Guid(0c731f3d663c75847aaf9c2b52ca4085) Importer(815301076,1909f56bfc062723c751e8b465ee728b)
Start importing Assets/Spirites/Tilemaps/ICE/Snow_decoration_0002.asset using Guid(0c731f3d663c75847aaf9c2b52ca4085) Importer(815301076,1909f56bfc062723c751e8b465ee728b)  -> (artifact id: '7b44a1a9a285dbb5623ddd8da99ac5d8') in 0.010148 seconds 
========================================================================
Received Import Request.
  Time since last request: 0.000017 seconds.
  path: Assets/Spirites/Tilemaps/ICE/Ice_G_S_L_0001.asset
  artifactKey: Guid(2a258e22242d86d4da853f6e68f8d70b) Importer(815301076,1909f56bfc062723c751e8b465ee728b)
Start importing Assets/Spirites/Tilemaps/ICE/Ice_G_S_L_0001.asset using Guid(2a258e22242d86d4da853f6e68f8d70b) Importer(815301076,1909f56bfc062723c751e8b465ee728b)  -> (artifact id: 'f9ff622d6f858606af444f40423fb751') in 0.013832 seconds 
========================================================================
Received Import Request.
  Time since last request: 0.000046 seconds.
  path: Assets/Spirites/Tilemaps/ICE/Ice_G_M_0001.asset
  artifactKey: Guid(565a5b812eb1c1943a4a79d6aa54a20f) Importer(815301076,1909f56bfc062723c751e8b465ee728b)
Start importing Assets/Spirites/Tilemaps/ICE/Ice_G_M_0001.asset using Guid(565a5b812eb1c1943a4a79d6aa54a20f) Importer(815301076,1909f56bfc062723c751e8b465ee728b)  -> (artifact id: '27762f4a49c9afa7fc2fb56abaaa638d') in 0.014083 seconds 
========================================================================
Received Import Request.
  Time since last request: 0.000026 seconds.
  path: Assets/Spirites/Tilemaps/ICE/Ice_Top_26_big_L_0001.asset
  artifactKey: Guid(c2f0fee3d440ebb469996eb3134d0bee) Importer(815301076,1909f56bfc062723c751e8b465ee728b)
Start importing Assets/Spirites/Tilemaps/ICE/Ice_Top_26_big_L_0001.asset using Guid(c2f0fee3d440ebb469996eb3134d0bee) Importer(815301076,1909f56bfc062723c751e8b465ee728b)  -> (artifact id: '71dc1887541160ac62d85175bc6f4b2e') in 0.013719 seconds 
========================================================================
Received Import Request.
  Time since last request: 0.000022 seconds.
  path: Assets/Spirites/Tilemaps/ICE/Snow_G_26_small_R_0001.asset
  artifactKey: Guid(bc085e3e1e0c5e24abebf62f37829f53) Importer(815301076,1909f56bfc062723c751e8b465ee728b)
Start importing Assets/Spirites/Tilemaps/ICE/Snow_G_26_small_R_0001.asset using Guid(bc085e3e1e0c5e24abebf62f37829f53) Importer(815301076,1909f56bfc062723c751e8b465ee728b)  -> (artifact id: 'bfc2775f8c034e674167e1be377ef3d9') in 0.011952 seconds 
========================================================================
Received Import Request.
  Time since last request: 0.000039 seconds.
  path: Assets/Spirites/Tilemaps/ICE/Snow_G_S_L_0001.asset
  artifactKey: Guid(2ff6b52ed48ef8b4c97ca877434f98e5) Importer(815301076,1909f56bfc062723c751e8b465ee728b)
Start importing Assets/Spirites/Tilemaps/ICE/Snow_G_S_L_0001.asset using Guid(2ff6b52ed48ef8b4c97ca877434f98e5) Importer(815301076,1909f56bfc062723c751e8b465ee728b)  -> (artifact id: 'ef303efbfcde0cfb2455439d70a40a1a') in 0.009496 seconds 
========================================================================
Received Import Request.
  Time since last request: 0.000023 seconds.
  path: Assets/Spirites/Tilemaps/ICE/Ice_Top_spikes_0001.asset
  artifactKey: Guid(5c29879513a7d0941a6c23ba75ac8d94) Importer(815301076,1909f56bfc062723c751e8b465ee728b)
Start importing Assets/Spirites/Tilemaps/ICE/Ice_Top_spikes_0001.asset using Guid(5c29879513a7d0941a6c23ba75ac8d94) Importer(815301076,1909f56bfc062723c751e8b465ee728b)  -> (artifact id: '185effd9dc1de15fdcb3ca70d45b3321') in 0.014088 seconds 
========================================================================
Received Import Request.
  Time since last request: 0.000022 seconds.
  path: Assets/Spirites/Tilemaps/ICE/Ice_Bot_S_L_0001.asset
  artifactKey: Guid(8bcaadc0dc491db448bf66e722be35e8) Importer(815301076,1909f56bfc062723c751e8b465ee728b)
Start importing Assets/Spirites/Tilemaps/ICE/Ice_Bot_S_L_0001.asset using Guid(8bcaadc0dc491db448bf66e722be35e8) Importer(815301076,1909f56bfc062723c751e8b465ee728b)  -> (artifact id: '7a9be1f572d4f241ecf08490a0bb448d') in 0.013248 seconds 
========================================================================
Received Import Request.
  Time since last request: 0.000019 seconds.
  path: Assets/Spirites/Tilemaps/ICE/Snow_E_R_0001.asset
  artifactKey: Guid(7302744a80016d94ca4385ed8178f640) Importer(815301076,1909f56bfc062723c751e8b465ee728b)
Start importing Assets/Spirites/Tilemaps/ICE/Snow_E_R_0001.asset using Guid(7302744a80016d94ca4385ed8178f640) Importer(815301076,1909f56bfc062723c751e8b465ee728b)  -> (artifact id: '95b12efe35dba6c3f76aaba26be59e26') in 0.014639 seconds 
Editor requested this worker to shutdown with reason: Scaling down because of idle timeout
AssetImportWorker is now disconnected from the server
Process exiting
Exiting without the bug reporter. Application will terminate with return code 0