Using pre-set license
Built from '2021.2/staging' branch; Version is '2021.2.7f1 (6bd9e232123f) revision 7068130'; Using compiler version '192829333'; Build Type 'Release'
OS: 'Windows 10  (10.0.19044) 64bit Core' Language: 'en' Physical Memory: 7893 MB
BatchMode: 1, IsHumanControllingUs: 0, StartBugReporterOnCrash: 0, Is64bit: 1, IsPro: 0

COMMAND LINE ARGUMENTS:
C:\Program Files\Unity\Hub\Editor\2021.2.7f1\2021.2.7f1\Editor\Unity.exe
-adb2
-batchMode
-noUpm
-name
AssetImportWorker4
-projectPath
C:/Users/andyn/OneDrive/Documentos/GitHub/Taberu
-logFile
Logs/AssetImportWorker4.log
-srvPort
59275
Successfully changed project path to: C:/Users/andyn/OneDrive/Documentos/GitHub/Taberu
C:/Users/andyn/OneDrive/Documentos/GitHub/Taberu
[UnityMemory] Configuration Parameters - Can be set up in boot.config
    "memorysetup-bucket-allocator-granularity=16"
    "memorysetup-bucket-allocator-bucket-count=8"
    "memorysetup-bucket-allocator-block-size=33554432"
    "memorysetup-bucket-allocator-block-count=8"
    "memorysetup-main-allocator-block-size=16777216"
    "memorysetup-thread-allocator-block-size=16777216"
    "memorysetup-gfx-main-allocator-block-size=16777216"
    "memorysetup-gfx-thread-allocator-block-size=16777216"
    "memorysetup-cache-allocator-block-size=4194304"
    "memorysetup-typetree-allocator-block-size=2097152"
    "memorysetup-profiler-bucket-allocator-granularity=16"
    "memorysetup-profiler-bucket-allocator-bucket-count=8"
    "memorysetup-profiler-bucket-allocator-block-size=33554432"
    "memorysetup-profiler-bucket-allocator-block-count=8"
    "memorysetup-profiler-allocator-block-size=16777216"
    "memorysetup-profiler-editor-allocator-block-size=1048576"
    "memorysetup-temp-allocator-size-main=16777216"
    "memorysetup-job-temp-allocator-block-size=2097152"
    "memorysetup-job-temp-allocator-block-size-background=1048576"
    "memorysetup-job-temp-allocator-reduction-small-platforms=262144"
    "memorysetup-temp-allocator-size-background-worker=32768"
    "memorysetup-temp-allocator-size-job-worker=262144"
    "memorysetup-temp-allocator-size-preload-manager=33554432"
    "memorysetup-temp-allocator-size-nav-mesh-worker=65536"
    "memorysetup-temp-allocator-size-audio-worker=65536"
    "memorysetup-temp-allocator-size-cloud-worker=32768"
    "memorysetup-temp-allocator-size-gi-baking-worker=262144"
    "memorysetup-temp-allocator-size-gfx=262144"
Refreshing native plugins compatible for Editor in 37.38 ms, found 3 plugins.
Preloading 0 native plugins for Editor in 0.00 ms.
Initialize engine version: 2021.2.7f1 (6bd9e232123f)
[Subsystems] Discovering subsystems at path C:/Program Files/Unity/Hub/Editor/2021.2.7f1/2021.2.7f1/Editor/Data/Resources/UnitySubsystems
[Subsystems] Discovering subsystems at path C:/Users/andyn/OneDrive/Documentos/GitHub/Taberu/Assets
GfxDevice: creating device client; threaded=0; jobified=0
Direct3D:
    Version:  Direct3D 11.0 [level 11.1]
    Renderer: NVIDIA GeForce RTX 3050 Laptop GPU (ID=0x25a5)
    Vendor:   NVIDIA
    VRAM:     3991 MB
    Driver:   30.0.14.7212
Initialize mono
Mono path[0] = 'C:/Program Files/Unity/Hub/Editor/2021.2.7f1/2021.2.7f1/Editor/Data/Managed'
Mono path[1] = 'C:/Program Files/Unity/Hub/Editor/2021.2.7f1/2021.2.7f1/Editor/Data/MonoBleedingEdge/lib/mono/unityjit-win32'
Mono config path = 'C:/Program Files/Unity/Hub/Editor/2021.2.7f1/2021.2.7f1/Editor/Data/MonoBleedingEdge/etc'
Using monoOptions --debugger-agent=transport=dt_socket,embedding=1,server=y,suspend=n,address=127.0.0.1:56452
Begin MonoManager ReloadAssembly
Registering precompiled unity dll's ...
Register platform support module: C:/Program Files/Unity/Hub/Editor/2021.2.7f1/2021.2.7f1/Editor/Data/PlaybackEngines/WebGLSupport/UnityEditor.WebGL.Extensions.dll
Register platform support module: C:/Program Files/Unity/Hub/Editor/2021.2.7f1/2021.2.7f1/Editor/Data/PlaybackEngines/WindowsStandaloneSupport/UnityEditor.WindowsStandalone.Extensions.dll
Registered in 0.007608 seconds.
Native extension for WindowsStandalone target not found
Native extension for WebGL target not found
Refreshing native plugins compatible for Editor in 61.91 ms, found 3 plugins.
Preloading 0 native plugins for Editor in 0.00 ms.
Mono: successfully reloaded assembly
- Completed reload, in  0.778 seconds
Domain Reload Profiling:
	ReloadAssembly (778ms)
		BeginReloadAssembly (73ms)
			ExecutionOrderSort (0ms)
			DisableScriptedObjects (0ms)
			BackupInstance (0ms)
			ReleaseScriptingObjects (0ms)
			CreateAndSetChildDomain (1ms)
		EndReloadAssembly (620ms)
			LoadAssemblies (71ms)
			RebuildTransferFunctionScriptingTraits (0ms)
			SetupTypeCache (156ms)
			ReleaseScriptCaches (0ms)
			RebuildScriptCaches (48ms)
			SetupLoadedEditorAssemblies (345ms)
				LogAssemblyErrors (0ms)
				InitializePlatformSupportModulesInManaged (26ms)
				SetLoadedEditorAssemblies (0ms)
				RefreshPlugins (62ms)
				BeforeProcessingInitializeOnLoad (2ms)
				ProcessInitializeOnLoadAttributes (193ms)
				ProcessInitializeOnLoadMethodAttributes (62ms)
				AfterProcessingInitializeOnLoad (0ms)
				EditorAssembliesLoaded (0ms)
			ExecutionOrderSort2 (0ms)
			AwakeInstancesAfterBackupRestoration (0ms)
Platform modules already initialized, skipping
Registering precompiled user dll's ...
Registered in 0.007069 seconds.
Begin MonoManager ReloadAssembly
Native extension for WindowsStandalone target not found
Native extension for WebGL target not found
Refreshing native plugins compatible for Editor in 50.13 ms, found 3 plugins.
Preloading 0 native plugins for Editor in 0.00 ms.
Mono: successfully reloaded assembly
- Completed reload, in  1.534 seconds
Domain Reload Profiling:
	ReloadAssembly (1535ms)
		BeginReloadAssembly (109ms)
			ExecutionOrderSort (0ms)
			DisableScriptedObjects (7ms)
			BackupInstance (0ms)
			ReleaseScriptingObjects (0ms)
			CreateAndSetChildDomain (22ms)
		EndReloadAssembly (1324ms)
			LoadAssemblies (74ms)
			RebuildTransferFunctionScriptingTraits (0ms)
			SetupTypeCache (211ms)
			ReleaseScriptCaches (1ms)
			RebuildScriptCaches (52ms)
			SetupLoadedEditorAssemblies (934ms)
				LogAssemblyErrors (0ms)
				InitializePlatformSupportModulesInManaged (13ms)
				SetLoadedEditorAssemblies (0ms)
				RefreshPlugins (50ms)
				BeforeProcessingInitializeOnLoad (79ms)
				ProcessInitializeOnLoadAttributes (744ms)
				ProcessInitializeOnLoadMethodAttributes (41ms)
				AfterProcessingInitializeOnLoad (6ms)
				EditorAssembliesLoaded (0ms)
			ExecutionOrderSort2 (0ms)
			AwakeInstancesAfterBackupRestoration (6ms)
Platform modules already initialized, skipping
========================================================================
Worker process is ready to serve import requests
Launched and connected shader compiler UnityShaderCompiler.exe after 0.07 seconds
Refreshing native plugins compatible for Editor in 1.24 ms, found 3 plugins.
Preloading 0 native plugins for Editor in 0.00 ms.
Unloading 2312 Unused Serialized files (Serialized files now loaded: 0)
Unloading 33 unused Assets / (55.7 KB). Loaded Objects now: 2771.
Memory consumption went from 104.9 MB to 104.8 MB.
Total: 3.596100 ms (FindLiveObjects: 0.197000 ms CreateObjectMapping: 0.049700 ms MarkObjects: 3.253700 ms  DeleteObjects: 0.094200 ms)

AssetImportParameters requested are different than current active one (requested -> active):
  custom:video-decoder-ogg-theora: a1e56fd34408186e4bbccfd4996cb3dc -> 
  custom:container-muxer-webm: aa71ff27fc2769a1b78a27578f13a17b -> 
  custom:container-demuxer-webm: 4f35f7cbe854078d1ac9338744f61a02 -> 
  custom:video-encoder-webm-vp8: eb34c28f22e8b96e1ab97ce403110664 -> 
  custom:audio-encoder-webm-vorbis: bf7c407c2cedff20999df2af8eb42d56 -> 
  custom:framework-win-MediaFoundation: 216162199b28c13a410421893ffa2e32 -> 
  custom:container-demuxer-ogg: 62fdf1f143b41e24485cea50d1cbac27 -> 
  custom:video-decoder-webm-vp8: 9c59270c3fd7afecdb556c50c9e8de78 -> 
  custom:audio-decoder-ogg-vorbis: bf7c407c2cedff20999df2af8eb42d56 -> 
========================================================================
Received Import Request.
  Time since last request: 58225.826705 seconds.
  path: Assets/Spirites/Tilemaps/Ice_Bot_26_big_L_0001.asset
  artifactKey: Guid(81a7c117f531262469478c72cc55288c) Importer(815301076,1909f56bfc062723c751e8b465ee728b)
Start importing Assets/Spirites/Tilemaps/Ice_Bot_26_big_L_0001.asset using Guid(81a7c117f531262469478c72cc55288c) Importer(815301076,1909f56bfc062723c751e8b465ee728b)  -> (artifact id: '3dc40726ed6e3a03a37995063dd83635') in 0.096609 seconds 
========================================================================
Received Import Request.
  Time since last request: 0.000033 seconds.
  path: Assets/Spirites/Tilemaps/Ice_Top_0002.asset
  artifactKey: Guid(563865a3d178aa248b0349313300af1c) Importer(815301076,1909f56bfc062723c751e8b465ee728b)
Start importing Assets/Spirites/Tilemaps/Ice_Top_0002.asset using Guid(563865a3d178aa248b0349313300af1c) Importer(815301076,1909f56bfc062723c751e8b465ee728b)  -> (artifact id: 'e9ae62bd8e577546c31a0feb5207d4b4') in 0.026729 seconds 
========================================================================
Received Import Request.
  Time since last request: 0.000026 seconds.
  path: Assets/Spirites/Tilemaps/Ice_Bot_L_0001.asset
  artifactKey: Guid(a3690a9099890fd42b6ac0d4cdc164d5) Importer(815301076,1909f56bfc062723c751e8b465ee728b)
Start importing Assets/Spirites/Tilemaps/Ice_Bot_L_0001.asset using Guid(a3690a9099890fd42b6ac0d4cdc164d5) Importer(815301076,1909f56bfc062723c751e8b465ee728b)  -> (artifact id: 'c443806f107ea97e6f391c956db2310c') in 0.016938 seconds 
========================================================================
Received Import Request.
  Time since last request: 0.000018 seconds.
  path: Assets/Spirites/Tilemaps/Ice_decoration_0001.asset
  artifactKey: Guid(82436ac050ffcd149999a3ad79d3e15d) Importer(815301076,1909f56bfc062723c751e8b465ee728b)
Start importing Assets/Spirites/Tilemaps/Ice_decoration_0001.asset using Guid(82436ac050ffcd149999a3ad79d3e15d) Importer(815301076,1909f56bfc062723c751e8b465ee728b)  -> (artifact id: 'eae5c7ac61ab7866a7db615f366d3a03') in 0.017172 seconds 
========================================================================
Received Import Request.
  Time since last request: 0.000041 seconds.
  path: Assets/Spirites/Tilemaps/Ice_Top_0001.asset
  artifactKey: Guid(4e8e2590003a96a49803d87e571e8ed2) Importer(815301076,1909f56bfc062723c751e8b465ee728b)
Start importing Assets/Spirites/Tilemaps/Ice_Top_0001.asset using Guid(4e8e2590003a96a49803d87e571e8ed2) Importer(815301076,1909f56bfc062723c751e8b465ee728b)  -> (artifact id: '2c706ae7bf6c6cfc42aea77649c702c4') in 0.015009 seconds 
========================================================================
Received Import Request.
  Time since last request: 0.000025 seconds.
  path: Assets/Spirites/Tilemaps/Ice_Bot_M_0001.asset
  artifactKey: Guid(49dea4d0302556444b66cd3fee38a14e) Importer(815301076,1909f56bfc062723c751e8b465ee728b)
Start importing Assets/Spirites/Tilemaps/Ice_Bot_M_0001.asset using Guid(49dea4d0302556444b66cd3fee38a14e) Importer(815301076,1909f56bfc062723c751e8b465ee728b)  -> (artifact id: '59b1ac34afb5b588d405a4c53bf23b9d') in 0.013733 seconds 
========================================================================
Received Import Request.
  Time since last request: 0.000036 seconds.
  path: Assets/Spirites/Tilemaps/Ice_Top_spikes_0001.asset
  artifactKey: Guid(4f1db93ff9989b94d8a8d3576c08e295) Importer(815301076,1909f56bfc062723c751e8b465ee728b)
Start importing Assets/Spirites/Tilemaps/Ice_Top_spikes_0001.asset using Guid(4f1db93ff9989b94d8a8d3576c08e295) Importer(815301076,1909f56bfc062723c751e8b465ee728b)  -> (artifact id: 'efb3db301fe052f01a80c04eab1f33dc') in 0.013308 seconds 
========================================================================
Received Import Request.
  Time since last request: 0.000053 seconds.
  path: Assets/Spirites/Tilemaps/Ice_G_26_big_L_0001.asset
  artifactKey: Guid(9fd8023d48d56ba46b9005ccab669241) Importer(815301076,1909f56bfc062723c751e8b465ee728b)
Start importing Assets/Spirites/Tilemaps/Ice_G_26_big_L_0001.asset using Guid(9fd8023d48d56ba46b9005ccab669241) Importer(815301076,1909f56bfc062723c751e8b465ee728b)  -> (artifact id: 'be7f7779cac93f94dc9055522ba9abf4') in 0.013365 seconds 
========================================================================
Received Import Request.
  Time since last request: 0.000024 seconds.
  path: Assets/Spirites/Tilemaps/Snow_E_R_0001.asset
  artifactKey: Guid(bc1da658e43852c489112b9173d07aea) Importer(815301076,1909f56bfc062723c751e8b465ee728b)
Start importing Assets/Spirites/Tilemaps/Snow_E_R_0001.asset using Guid(bc1da658e43852c489112b9173d07aea) Importer(815301076,1909f56bfc062723c751e8b465ee728b)  -> (artifact id: '8211709b47e9abc4eab601260e7ac34d') in 0.010716 seconds 
========================================================================
Received Import Request.
  Time since last request: 0.000016 seconds.
  path: Assets/Spirites/Tilemaps/Ice_cube_big_0001.asset
  artifactKey: Guid(e6fb85e78d21084499fd2c14868006e3) Importer(815301076,1909f56bfc062723c751e8b465ee728b)
Start importing Assets/Spirites/Tilemaps/Ice_cube_big_0001.asset using Guid(e6fb85e78d21084499fd2c14868006e3) Importer(815301076,1909f56bfc062723c751e8b465ee728b)  -> (artifact id: 'fa3383f1ad8c35fd201cb6f520b83cd8') in 0.017628 seconds 
========================================================================
Received Import Request.
  Time since last request: 0.000026 seconds.
  path: Assets/Spirites/Tilemaps/Snow_decoration_0002.asset
  artifactKey: Guid(93e49bc09764f564193f97b9d4c42ba8) Importer(815301076,1909f56bfc062723c751e8b465ee728b)
Start importing Assets/Spirites/Tilemaps/Snow_decoration_0002.asset using Guid(93e49bc09764f564193f97b9d4c42ba8) Importer(815301076,1909f56bfc062723c751e8b465ee728b)  -> (artifact id: 'aacfdec5781225f55acbd9fad3c650a5') in 0.012917 seconds 
========================================================================
Received Import Request.
  Time since last request: 0.000020 seconds.
  path: Assets/Spirites/Tilemaps/Igloo_Door_R_0001.asset
  artifactKey: Guid(72a31a9bc1abbc2479f416bf387ad131) Importer(815301076,1909f56bfc062723c751e8b465ee728b)
Start importing Assets/Spirites/Tilemaps/Igloo_Door_R_0001.asset using Guid(72a31a9bc1abbc2479f416bf387ad131) Importer(815301076,1909f56bfc062723c751e8b465ee728b)  -> (artifact id: '37233a702c6e2b2931ad73e85235e00b') in 0.008532 seconds 
========================================================================
Received Import Request.
  Time since last request: 0.000018 seconds.
  path: Assets/Spirites/Tilemaps/Igloo_Door_L_0001.asset
  artifactKey: Guid(3d1e2e666e325864bb241d5a03516ea7) Importer(815301076,1909f56bfc062723c751e8b465ee728b)
Start importing Assets/Spirites/Tilemaps/Igloo_Door_L_0001.asset using Guid(3d1e2e666e325864bb241d5a03516ea7) Importer(815301076,1909f56bfc062723c751e8b465ee728b)  -> (artifact id: '6fcb195b450b6e5455525a73267a7112') in 0.012392 seconds 
========================================================================
Received Import Request.
  Time since last request: 0.000026 seconds.
  path: Assets/Spirites/Tilemaps/Ice_Bot_R_0001.asset
  artifactKey: Guid(50c718f36f1372949844f0e6329d101b) Importer(815301076,1909f56bfc062723c751e8b465ee728b)
Start importing Assets/Spirites/Tilemaps/Ice_Bot_R_0001.asset using Guid(50c718f36f1372949844f0e6329d101b) Importer(815301076,1909f56bfc062723c751e8b465ee728b)  -> (artifact id: '1a49c5afd130f82aad96871258d40278') in 0.012049 seconds 
========================================================================
Received Import Request.
  Time since last request: 0.000040 seconds.
  path: Assets/Spirites/Tilemaps/Snow_G_26_big_L_0001.asset
  artifactKey: Guid(54b251eea3865024bb915f2175817ae0) Importer(815301076,1909f56bfc062723c751e8b465ee728b)
Start importing Assets/Spirites/Tilemaps/Snow_G_26_big_L_0001.asset using Guid(54b251eea3865024bb915f2175817ae0) Importer(815301076,1909f56bfc062723c751e8b465ee728b)  -> (artifact id: '0d19fb6c9ad095b17febb488f2e48220') in 0.014556 seconds 
========================================================================
Received Import Request.
  Time since last request: 0.000018 seconds.
  path: Assets/Spirites/Tilemaps/Ice_cube_small_0001.asset
  artifactKey: Guid(9fe4d783a3f79934f814afe11f5b28fd) Importer(815301076,1909f56bfc062723c751e8b465ee728b)
Start importing Assets/Spirites/Tilemaps/Ice_cube_small_0001.asset using Guid(9fe4d783a3f79934f814afe11f5b28fd) Importer(815301076,1909f56bfc062723c751e8b465ee728b)  -> (artifact id: '22e6db64c78a3eae3026160c8141176b') in 0.011908 seconds 
========================================================================
Received Import Request.
  Time since last request: 0.000038 seconds.
  path: Assets/Spirites/Tilemaps/Ice_G_S_R_0001.asset
  artifactKey: Guid(8b725eeefbd5daf419b0d818da297367) Importer(815301076,1909f56bfc062723c751e8b465ee728b)
Start importing Assets/Spirites/Tilemaps/Ice_G_S_R_0001.asset using Guid(8b725eeefbd5daf419b0d818da297367) Importer(815301076,1909f56bfc062723c751e8b465ee728b)  -> (artifact id: '6650fa9815e38ef364a294fb77c51cd5') in 0.013140 seconds 
========================================================================
Received Import Request.
  Time since last request: 0.000018 seconds.
  path: Assets/Spirites/Tilemaps/Igloo_M_R_0001.asset
  artifactKey: Guid(4268b374f84ac2b4689ba7fc473d91ee) Importer(815301076,1909f56bfc062723c751e8b465ee728b)
Start importing Assets/Spirites/Tilemaps/Igloo_M_R_0001.asset using Guid(4268b374f84ac2b4689ba7fc473d91ee) Importer(815301076,1909f56bfc062723c751e8b465ee728b)  -> (artifact id: 'facc61739ad89175a59876d63792a38f') in 0.014416 seconds 
========================================================================
Received Import Request.
  Time since last request: 0.000025 seconds.
  path: Assets/Spirites/Tilemaps/Snow_G_26_big_R_0001.asset
  artifactKey: Guid(6d7b822e64b4e1e40ba493819da6e5e7) Importer(815301076,1909f56bfc062723c751e8b465ee728b)
Start importing Assets/Spirites/Tilemaps/Snow_G_26_big_R_0001.asset using Guid(6d7b822e64b4e1e40ba493819da6e5e7) Importer(815301076,1909f56bfc062723c751e8b465ee728b)  -> (artifact id: '26cdce2e84dc89e623f42369fc62a197') in 0.013097 seconds 
========================================================================
Received Import Request.
  Time since last request: 0.000021 seconds.
  path: Assets/Spirites/Tilemaps/Ice_Top_26_small_R_0001.asset
  artifactKey: Guid(6d353bd4787368e4a9a5e480dbf14de1) Importer(815301076,1909f56bfc062723c751e8b465ee728b)
Start importing Assets/Spirites/Tilemaps/Ice_Top_26_small_R_0001.asset using Guid(6d353bd4787368e4a9a5e480dbf14de1) Importer(815301076,1909f56bfc062723c751e8b465ee728b)  -> (artifact id: 'fc2c7a3a11526bc1ed37997f2b0ed1ad') in 0.009897 seconds 
========================================================================
Received Import Request.
  Time since last request: 0.000018 seconds.
  path: Assets/Spirites/Tilemaps/ICE_FLOOR.prefab
  artifactKey: Guid(87f1ca0de785fe1479bd2005221a3496) Importer(815301076,1909f56bfc062723c751e8b465ee728b)
Start importing Assets/Spirites/Tilemaps/ICE_FLOOR.prefab using Guid(87f1ca0de785fe1479bd2005221a3496) Importer(815301076,1909f56bfc062723c751e8b465ee728b)  -> (artifact id: '4421e18c6a5015c7132b4c271d8a8aa4') in 0.122662 seconds 
========================================================================
Received Import Request.
  Time since last request: 4.520673 seconds.
  path: Assets/Spirites/Tilemaps/Snow_G_26_small_L_0001.asset
  artifactKey: Guid(e74ea7b9e74d9714bb3cd1897b80f868) Importer(815301076,1909f56bfc062723c751e8b465ee728b)
Start importing Assets/Spirites/Tilemaps/Snow_G_26_small_L_0001.asset using Guid(e74ea7b9e74d9714bb3cd1897b80f868) Importer(815301076,1909f56bfc062723c751e8b465ee728b)  -> (artifact id: '70d493d08777e0a613970b0684d5f9a7') in 0.015883 seconds 
========================================================================
Received Import Request.
  Time since last request: 0.000055 seconds.
  path: Assets/Spirites/Tilemaps/Snowball_big_0001.asset
  artifactKey: Guid(83dc49749d979924c95a2fdfc7e074de) Importer(815301076,1909f56bfc062723c751e8b465ee728b)
Start importing Assets/Spirites/Tilemaps/Snowball_big_0001.asset using Guid(83dc49749d979924c95a2fdfc7e074de) Importer(815301076,1909f56bfc062723c751e8b465ee728b)  -> (artifact id: '103a95686cdc7898d57e6c1085b544b7') in 0.016833 seconds 
========================================================================
Received Import Request.
  Time since last request: 0.000033 seconds.
  path: Assets/Spirites/Tilemaps/Snow_G_M_0001.asset
  artifactKey: Guid(a7de9311ff9269947b3e68b740539cd3) Importer(815301076,1909f56bfc062723c751e8b465ee728b)
Start importing Assets/Spirites/Tilemaps/Snow_G_M_0001.asset using Guid(a7de9311ff9269947b3e68b740539cd3) Importer(815301076,1909f56bfc062723c751e8b465ee728b)  -> (artifact id: '5029131a83c8576c54e7e2233e5f1ff0') in 0.011889 seconds 
========================================================================
Received Import Request.
  Time since last request: 0.000029 seconds.
  path: Assets/Spirites/Tilemaps/Snow_platform_0001.asset
  artifactKey: Guid(5b860e554c734a848b2bbd97492fae52) Importer(815301076,1909f56bfc062723c751e8b465ee728b)
Start importing Assets/Spirites/Tilemaps/Snow_platform_0001.asset using Guid(5b860e554c734a848b2bbd97492fae52) Importer(815301076,1909f56bfc062723c751e8b465ee728b)  -> (artifact id: 'a0458adf5da1950b7e9816422f1bc248') in 0.012331 seconds 
========================================================================
Received Import Request.
  Time since last request: 0.000025 seconds.
  path: Assets/Spirites/Tilemaps/Snowhill_0002.asset
  artifactKey: Guid(623305d0a2fbb9846990f4158e186d4a) Importer(815301076,1909f56bfc062723c751e8b465ee728b)
Start importing Assets/Spirites/Tilemaps/Snowhill_0002.asset using Guid(623305d0a2fbb9846990f4158e186d4a) Importer(815301076,1909f56bfc062723c751e8b465ee728b)  -> (artifact id: 'e256a673785473bce6a09a5cf9d43265') in 0.010638 seconds 
========================================================================
Received Import Request.
  Time since last request: 0.000046 seconds.
  path: Assets/Spirites/Tilemaps/Water_0004.asset
  artifactKey: Guid(52d01e273ec25ec468dba658115ba0c2) Importer(815301076,1909f56bfc062723c751e8b465ee728b)
Start importing Assets/Spirites/Tilemaps/Water_0004.asset using Guid(52d01e273ec25ec468dba658115ba0c2) Importer(815301076,1909f56bfc062723c751e8b465ee728b)  -> (artifact id: '073f1e3fa1a38ee134fdaa7b12d7cc1c') in 0.014040 seconds 
========================================================================
Received Import Request.
  Time since last request: 0.000026 seconds.
  path: Assets/Spirites/Tilemaps/Snowflake_0005.asset
  artifactKey: Guid(09ff65bdb3fe3db4fa60dfffc095542a) Importer(815301076,1909f56bfc062723c751e8b465ee728b)
Start importing Assets/Spirites/Tilemaps/Snowflake_0005.asset using Guid(09ff65bdb3fe3db4fa60dfffc095542a) Importer(815301076,1909f56bfc062723c751e8b465ee728b)  -> (artifact id: '960458932c4d0f525c6cabee7a999dfc') in 0.012727 seconds 
========================================================================
Received Import Request.
  Time since last request: 0.000017 seconds.
  path: Assets/Spirites/Tilemaps/Snowflake_0003.asset
  artifactKey: Guid(0d2161c8f0620b94c9567f1b5a909b62) Importer(815301076,1909f56bfc062723c751e8b465ee728b)
Start importing Assets/Spirites/Tilemaps/Snowflake_0003.asset using Guid(0d2161c8f0620b94c9567f1b5a909b62) Importer(815301076,1909f56bfc062723c751e8b465ee728b)  -> (artifact id: '85224648cded3d424f9c9afa1ceafdbc') in 0.014696 seconds 
========================================================================
Received Import Request.
  Time since last request: 0.000023 seconds.
  path: Assets/Spirites/Tilemaps/Snowtree_ground_0001.asset
  artifactKey: Guid(b1f77fc69b5fa134381224c985861ce4) Importer(815301076,1909f56bfc062723c751e8b465ee728b)
Start importing Assets/Spirites/Tilemaps/Snowtree_ground_0001.asset using Guid(b1f77fc69b5fa134381224c985861ce4) Importer(815301076,1909f56bfc062723c751e8b465ee728b)  -> (artifact id: '2c70a83abdc71daa29d60696d1af950d') in 0.012906 seconds 
========================================================================
Received Import Request.
  Time since last request: 0.000018 seconds.
  path: Assets/Spirites/Tilemaps/Snowflake_0002.asset
  artifactKey: Guid(689d9794f4b97384c99aa0cfcf677692) Importer(815301076,1909f56bfc062723c751e8b465ee728b)
Start importing Assets/Spirites/Tilemaps/Snowflake_0002.asset using Guid(689d9794f4b97384c99aa0cfcf677692) Importer(815301076,1909f56bfc062723c751e8b465ee728b)  -> (artifact id: 'a3dd8b27cde53f8db19c83d635ce1d44') in 0.011189 seconds 
========================================================================
Received Import Request.
  Time since last request: 0.000021 seconds.
  path: Assets/Spirites/Tilemaps/Snow_G_S_R_0001.asset
  artifactKey: Guid(8497dfeba33d4d249969b7f10b6ba638) Importer(815301076,1909f56bfc062723c751e8b465ee728b)
Start importing Assets/Spirites/Tilemaps/Snow_G_S_R_0001.asset using Guid(8497dfeba33d4d249969b7f10b6ba638) Importer(815301076,1909f56bfc062723c751e8b465ee728b)  -> (artifact id: 'f5e5e91529a5739ae2944d0fbe0302af') in 0.012134 seconds 
========================================================================
Received Import Request.
  Time since last request: 0.000024 seconds.
  path: Assets/Spirites/Tilemaps/Snowball_small_0001.asset
  artifactKey: Guid(d6691a0134392c64c88408e2c837a3f6) Importer(815301076,1909f56bfc062723c751e8b465ee728b)
Start importing Assets/Spirites/Tilemaps/Snowball_small_0001.asset using Guid(d6691a0134392c64c88408e2c837a3f6) Importer(815301076,1909f56bfc062723c751e8b465ee728b)  -> (artifact id: '104077822d43c4fd39d2b26d734f915a') in 0.012493 seconds 
Editor requested this worker to shutdown with reason: Scaling down because of idle timeout
AssetImportWorker is now disconnected from the server
Process exiting
Exiting without the bug reporter. Application will terminate with return code 0